-------------------------------------------------------------------------------
Test set: Req 04-07
-------------------------------------------------------------------------------
Tests run: 4, Failures: 0, Errors: 4, Skipped: 0, Time elapsed: 5.241 s <<< FAILURE! - in Req 04-07
com.betrybe.agrix.evaluation.CropManagementTest.testGetAllCrops  Time elapsed: 0.599 s  <<< ERROR!
jakarta.servlet.ServletException: Request processing failed: org.springframework.http.converter.HttpMessageNotWritableException: Could not write JSON: Infinite recursion (StackOverflowError)
	at com.betrybe.agrix.evaluation.CropManagementTest.performCropCreation(CropManagementTest.java:257)
	at com.betrybe.agrix.evaluation.CropManagementTest.testGetAllCrops(CropManagementTest.java:180)
Caused by: org.springframework.http.converter.HttpMessageNotWritableException: Could not write JSON: Infinite recursion (StackOverflowError)
	at com.betrybe.agrix.evaluation.CropManagementTest.performCropCreation(CropManagementTest.java:257)
	at com.betrybe.agrix.evaluation.CropManagementTest.testGetAllCrops(CropManagementTest.java:180)
Caused by: com.fasterxml.jackson.databind.JsonMappingException: Infinite recursion (StackOverflowError) (through reference chain: com.betrybe.agrix.model.entity.Farm["crops"]->org.hibernate.collection.spi.PersistentBag[0]->com.betrybe.agrix.model.entity.Crop["farm"]->com.betrybe.agrix.model.entity.Farm["crops"]->org.hibernate.collection.spi.PersistentBag[0]->com.betrybe.agrix.model.entity.Crop["farm"]->com.betrybe.agrix.model.entity.Farm["crops"]->org.hibernate.collection.spi.PersistentBag[0]->com.betrybe.agrix.model.entity.Crop["farm"]->com.betrybe.agrix.model.entity.Farm["crops"]->org.hibernate.collection.spi.PersistentBag[0]->com.betrybe.agrix.model.entity.Crop["farm"]->com.betrybe.agrix.model.entity.Farm["crops"]->org.hibernate.collection.spi.PersistentBag[0]->com.betrybe.agrix.model.entity.Crop["farm"]->com.betrybe.agrix.model.entity.Farm["crops"]->org.hibernate.collection.spi.PersistentBag[0]->com.betrybe.agrix.model.entity.Crop["farm"]->com.betrybe.agrix.model.entity.Farm["crops"]->org.hibernate.collection.spi.PersistentBag[0]->com.betrybe.agrix.model.entity.Crop["farm"]->com.betrybe.agrix.model.entity.Farm["crops"]->org.hibernate.collection.spi.PersistentBag[0]->com.betrybe.agrix.model.entity.Crop["farm"]->com.betrybe.agrix.model.entity.Farm["crops"]->org.hibernate.collection.spi.PersistentBag[0]->com.betrybe.agrix.model.entity.Crop["farm"]->com.betrybe.agrix.model.entity.Farm["crops"]->org.hibernate.collection.spi.PersistentBag[0]->com.betrybe.agrix.model.entity.Crop["farm"]->com.betrybe.agrix.model.entity.Farm["crops"]->org.hibernate.collection.spi.PersistentBag[0]->com.betrybe.agrix.model.entity.Crop["farm"]->com.betrybe.agrix.model.entity.Farm["crops"]->org.hibernate.collection.spi.PersistentBag[0]->com.betrybe.agrix.model.entity.Crop["farm"]->com.betrybe.agrix.model.entity.Farm["crops"]->org.hibernate.collection.spi.PersistentBag[0]->com.betrybe.agrix.model.entity.Crop["farm"]->com.betrybe.agrix.model.entity.Farm["crops"]->org.hibernate.collection.spi.PersistentBag[0]->com.betrybe.agrix.model.entity.Crop["farm"]->com.betrybe.agrix.model.entity.Farm["crops"]->org.hibernate.collection.spi.PersistentBag[0]->com.betrybe.agrix.model.entity.Crop["farm"]->com.betrybe.agrix.model.entity.Farm["crops"]->org.hibernate.collection.spi.PersistentBag[0]->com.betrybe.agrix.model.entity.Crop["farm"]->com.betrybe.agrix.model.entity.Farm["crops"]->org.hibernate.collection.spi.PersistentBag[0]->com.betrybe.agrix.model.entity.Crop["farm"]->com.betrybe.agrix.model.entity.Farm["crops"]->org.hibernate.collection.spi.PersistentBag[0]->com.betrybe.agrix.model.entity.Crop["farm"]->com.betrybe.agrix.model.entity.Farm["crops"]->org.hibernate.collection.spi.PersistentBag[0]->com.betrybe.agrix.model.entity.Crop["farm"]->com.betrybe.agrix.model.entity.Farm["crops"]->org.hibernate.collection.spi.PersistentBag[0]->com.betrybe.agrix.model.entity.Crop["farm"]->com.betrybe.agrix.model.entity.Farm["crops"]->org.hibernate.collection.spi.PersistentBag[0]->com.betrybe.agrix.model.entity.Crop["farm"]->com.betrybe.agrix.model.entity.Farm["crops"]->org.hibernate.collection.spi.PersistentBag[0]->com.betrybe.agrix.model.entity.Crop["farm"]->com.betrybe.agrix.model.entity.Farm["crops"]->org.hibernate.collection.spi.PersistentBag[0]->com.betrybe.agrix.model.entity.Crop["farm"]->com.betrybe.agrix.model.entity.Farm["crops"]->org.hibernate.collection.spi.PersistentBag[0]->com.betrybe.agrix.model.entity.Crop["farm"]->com.betrybe.agrix.model.entity.Farm["crops"]->org.hibernate.collection.spi.PersistentBag[0]->com.betrybe.agrix.model.entity.Crop["farm"]->com.betrybe.agrix.model.entity.Farm["crops"]->org.hibernate.collection.spi.PersistentBag[0]->com.betrybe.agrix.model.entity.Crop["farm"]->com.betrybe.agrix.model.entity.Farm["crops"]->org.hibernate.collection.spi.PersistentBag[0]->com.betrybe.agrix.model.entity.Crop["farm"]->com.betrybe.agrix.model.entity.Farm["crops"]->org.hibernate.collection.spi.PersistentBag[0]->com.betrybe.agrix.model.entity.Crop["farm"]->com.betrybe.agrix.model.entity.Farm["crops"]->org.hibernate.collection.spi.PersistentBag[0]->com.betrybe.agrix.model.entity.Crop["farm"]->com.betrybe.agrix.model.entity.Farm["crops"]->org.hibernate.collection.spi.PersistentBag[0]->com.betrybe.agrix.model.entity.Crop["farm"]->com.betrybe.agrix.model.entity.Farm["crops"]->org.hibernate.collection.spi.PersistentBag[0]->com.betrybe.agrix.model.entity.Crop["farm"]->com.betrybe.agrix.model.entity.Farm["crops"]->org.hibernate.collection.spi.PersistentBag[0]->com.betrybe.agrix.model.entity.Crop["farm"]->com.betrybe.agrix.model.entity.Farm["crops"]->org.hibernate.collection.spi.PersistentBag[0]->com.betrybe.agrix.model.entity.Crop["farm"]->com.betrybe.agrix.model.entity.Farm["crops"]->org.hibernate.collection.spi.PersistentBag[0]->com.betrybe.agrix.model.entity.Crop["farm"]->com.betrybe.agrix.model.entity.Farm["crops"]->org.hibernate.collection.spi.PersistentBag[0]->com.betrybe.agrix.model.entity.Crop["farm"]->com.betrybe.agrix.model.entity.Farm["crops"]->org.hibernate.collection.spi.PersistentBag[0]->com.betrybe.agrix.model.entity.Crop["farm"]->com.betrybe.agrix.model.entity.Farm["crops"]->org.hibernate.collection.spi.PersistentBag[0]->com.betrybe.agrix.model.entity.Crop["farm"]->com.betrybe.agrix.model.entity.Farm["crops"]->org.hibernate.collection.spi.PersistentBag[0]->com.betrybe.agrix.model.entity.Crop["farm"]->com.betrybe.agrix.model.entity.Farm["crops"]->org.hibernate.collection.spi.PersistentBag[0]->com.betrybe.agrix.model.entity.Crop["farm"]->com.betrybe.agrix.model.entity.Farm["crops"]->org.hibernate.collection.spi.PersistentBag[0]->com.betrybe.agrix.model.entity.Crop["farm"]->com.betrybe.agrix.model.entity.Farm["crops"]->org.hibernate.collection.spi.PersistentBag[0]->com.betrybe.agrix.model.entity.Crop["farm"]->com.betrybe.agrix.model.entity.Farm["crops"]->org.hibernate.collection.spi.PersistentBag[0]->com.betrybe.agrix.model.entity.Crop["farm"]->com.betrybe.agrix.model.entity.Farm["crops"]->org.hibernate.collection.spi.PersistentBag[0]->com.betrybe.agrix.model.entity.Crop["farm"]->com.betrybe.agrix.model.entity.Farm["crops"]->org.hibernate.collection.spi.PersistentBag[0]->com.betrybe.agrix.model.entity.Crop["farm"]->com.betrybe.agrix.model.entity.Farm["crops"]->org.hibernate.collection.spi.PersistentBag[0]->com.betrybe.agrix.model.entity.Crop["farm"]->com.betrybe.agrix.model.entity.Farm["crops"]->org.hibernate.collection.spi.PersistentBag[0]->com.betrybe.agrix.model.entity.Crop["farm"]->com.betrybe.agrix.model.entity.Farm["crops"]->org.hibernate.collection.spi.PersistentBag[0]->com.betrybe.agrix.model.entity.Crop["farm"]->com.betrybe.agrix.model.entity.Farm["crops"]->org.hibernate.collection.spi.PersistentBag[0]->com.betrybe.agrix.model.entity.Crop["farm"]->com.betrybe.agrix.model.entity.Farm["crops"]->org.hibernate.collection.spi.PersistentBag[0]->com.betrybe.agrix.model.entity.Crop["farm"]->com.betrybe.agrix.model.entity.Farm["crops"]->org.hibernate.collection.spi.PersistentBag[0]->com.betrybe.agrix.model.entity.Crop["farm"]->com.betrybe.agrix.model.entity.Farm["crops"]->org.hibernate.collection.spi.PersistentBag[0]->com.betrybe.agrix.model.entity.Crop["farm"]->com.betrybe.agrix.model.entity.Farm["crops"]->org.hibernate.collection.spi.PersistentBag[0]->com.betrybe.agrix.model.entity.Crop["farm"]->com.betrybe.agrix.model.entity.Farm["crops"]->org.hibernate.collection.spi.PersistentBag[0]->com.betrybe.agrix.model.entity.Crop["farm"]->com.betrybe.agrix.model.entity.Farm["crops"]->org.hibernate.collection.spi.PersistentBag[0]->com.betrybe.agrix.model.entity.Crop["farm"]->com.betrybe.agrix.model.entity.Farm["crops"]->org.hibernate.collection.spi.PersistentBag[0]->com.betrybe.agrix.model.entity.Crop["farm"]->com.betrybe.agrix.model.entity.Farm["crops"]->org.hibernate.collection.spi.PersistentBag[0]->com.betrybe.agrix.model.entity.Crop["farm"]->com.betrybe.agrix.model.entity.Farm["crops"]->org.hibernate.collection.spi.PersistentBag[0]->com.betrybe.agrix.model.entity.Crop["farm"]->com.betrybe.agrix.model.entity.Farm["crops"]->org.hibernate.collection.spi.PersistentBag[0]->com.betrybe.agrix.model.entity.Crop["farm"]->com.betrybe.agrix.model.entity.Farm["crops"]->org.hibernate.collection.spi.PersistentBag[0]->com.betrybe.agrix.model.entity.Crop["farm"]->com.betrybe.agrix.model.entity.Farm["crops"]->org.hibernate.collection.spi.PersistentBag[0]->com.betrybe.agrix.model.entity.Crop["farm"]->com.betrybe.agrix.model.entity.Farm["crops"]->org.hibernate.collection.spi.PersistentBag[0]->com.betrybe.agrix.model.entity.Crop["farm"]->com.betrybe.agrix.model.entity.Farm["crops"]->org.hibernate.collection.spi.PersistentBag[0]->com.betrybe.agrix.model.entity.Crop["farm"]->com.betrybe.agrix.model.entity.Farm["crops"]->org.hibernate.collection.spi.PersistentBag[0]->com.betrybe.agrix.model.entity.Crop["farm"]->com.betrybe.agrix.model.entity.Farm["crops"]->org.hibernate.collection.spi.PersistentBag[0]->com.betrybe.agrix.model.entity.Crop["farm"]->com.betrybe.agrix.model.entity.Farm["crops"]->org.hibernate.collection.spi.PersistentBag[0]->com.betrybe.agrix.model.entity.Crop["farm"]->com.betrybe.agrix.model.entity.Farm["crops"]->org.hibernate.collection.spi.PersistentBag[0]->com.betrybe.agrix.model.entity.Crop["farm"]->com.betrybe.agrix.model.entity.Farm["crops"]->org.hibernate.collection.spi.PersistentBag[0]->com.betrybe.agrix.model.entity.Crop["farm"]->com.betrybe.agrix.model.entity.Farm["crops"]->org.hibernate.collection.spi.PersistentBag[0]->com.betrybe.agrix.model.entity.Crop["farm"]->com.betrybe.agrix.model.entity.Farm["crops"]->org.hibernate.collection.spi.PersistentBag[0]->com.betrybe.agrix.model.entity.Crop["farm"]->com.betrybe.agrix.model.entity.Farm["crops"]->org.hibernate.collection.spi.PersistentBag[0]->com.betrybe.agrix.model.entity.Crop["farm"]->com.betrybe.agrix.model.entity.Farm["crops"]->org.hibernate.collection.spi.PersistentBag[0]->com.betrybe.agrix.model.entity.Crop["farm"]->com.betrybe.agrix.model.entity.Farm["crops"]->org.hibernate.collection.spi.PersistentBag[0]->com.betrybe.agrix.model.entity.Crop["farm"]->com.betrybe.agrix.model.entity.Farm["crops"]->org.hibernate.collection.spi.PersistentBag[0]->com.betrybe.agrix.model.entity.Crop["farm"]->com.betrybe.agrix.model.entity.Farm["crops"]->org.hibernate.collection.spi.PersistentBag[0]->com.betrybe.agrix.model.entity.Crop["farm"]->com.betrybe.agrix.model.entity.Farm["crops"]->org.hibernate.collection.spi.PersistentBag[0]->com.betrybe.agrix.model.entity.Crop["farm"]->com.betrybe.agrix.model.entity.Farm["crops"]->org.hibernate.collection.spi.PersistentBag[0]->com.betrybe.agrix.model.entity.Crop["farm"]->com.betrybe.agrix.model.entity.Farm["crops"]->org.hibernate.collection.spi.PersistentBag[0]->com.betrybe.agrix.model.entity.Crop["farm"]->com.betrybe.agrix.model.entity.Farm["crops"]->org.hibernate.collection.spi.PersistentBag[0]->com.betrybe.agrix.model.entity.Crop["farm"]->com.betrybe.agrix.model.entity.Farm["crops"]->org.hibernate.collection.spi.PersistentBag[0]->com.betrybe.agrix.model.entity.Crop["farm"]->com.betrybe.agrix.model.entity.Farm["crops"]->org.hibernate.collection.spi.PersistentBag[0]->com.betrybe.agrix.model.entity.Crop["farm"]->com.betrybe.agrix.model.entity.Farm["crops"]->org.hibernate.collection.spi.PersistentBag[0]->com.betrybe.agrix.model.entity.Crop["farm"]->com.betrybe.agrix.model.entity.Farm["crops"]->org.hibernate.collection.spi.PersistentBag[0]->com.betrybe.agrix.model.entity.Crop["farm"]->com.betrybe.agrix.model.entity.Farm["crops"]->org.hibernate.collection.spi.PersistentBag[0]->com.betrybe.agrix.model.entity.Crop["farm"]->com.betrybe.agrix.model.entity.Farm["crops"]->org.hibernate.collection.spi.PersistentBag[0]->com.betrybe.agrix.model.entity.Crop["farm"]->com.betrybe.agrix.model.entity.Farm["crops"]->org.hibernate.collection.spi.PersistentBag[0]->com.betrybe.agrix.model.entity.Crop["farm"]->com.betrybe.agrix.model.entity.Farm["crops"]->org.hibernate.collection.spi.PersistentBag[0]->com.betrybe.agrix.model.entity.Crop["farm"]->com.betrybe.agrix.model.entity.Farm["crops"]->org.hibernate.collection.spi.PersistentBag[0]->com.betrybe.agrix.model.entity.Crop["farm"]->com.betrybe.agrix.model.entity.Farm["crops"]->org.hibernate.collection.spi.PersistentBag[0]->com.betrybe.agrix.model.entity.Crop["farm"]->com.betrybe.agrix.model.entity.Farm["crops"]->org.hibernate.collection.spi.PersistentBag[0]->com.betrybe.agrix.model.entity.Crop["farm"]->com.betrybe.agrix.model.entity.Farm["crops"]->org.hibernate.collection.spi.PersistentBag[0]->com.betrybe.agrix.model.entity.Crop["farm"]->com.betrybe.agrix.model.entity.Farm["crops"]->org.hibernate.collection.spi.PersistentBag[0]->com.betrybe.agrix.model.entity.Crop["farm"]->com.betrybe.agrix.model.entity.Farm["crops"]->org.hibernate.collection.spi.PersistentBag[0]->com.betrybe.agrix.model.entity.Crop["farm"]->com.betrybe.agrix.model.entity.Farm["crops"]->org.hibernate.collection.spi.PersistentBag[0]->com.betrybe.agrix.model.entity.Crop["farm"]->com.betrybe.agrix.model.entity.Farm["crops"]->org.hibernate.collection.spi.PersistentBag[0]->com.betrybe.agrix.model.entity.Crop["farm"]->com.betrybe.agrix.model.entity.Farm["crops"]->org.hibernate.collection.spi.PersistentBag[0]->com.betrybe.agrix.model.entity.Crop["farm"]->com.betrybe.agrix.model.entity.Farm["crops"]->org.hibernate.collection.spi.PersistentBag[0]->com.betrybe.agrix.model.entity.Crop["farm"]->com.betrybe.agrix.model.entity.Farm["crops"]->org.hibernate.collection.spi.PersistentBag[0]->com.betrybe.agrix.model.entity.Crop["farm"]->com.betrybe.agrix.model.entity.Farm["crops"]->org.hibernate.collection.spi.PersistentBag[0]->com.betrybe.agrix.model.entity.Crop["farm"]->com.betrybe.agrix.model.entity.Farm["crops"]->org.hibernate.collection.spi.PersistentBag[0]->com.betrybe.agrix.model.entity.Crop["farm"]->com.betrybe.agrix.model.entity.Farm["crops"]->org.hibernate.collection.spi.PersistentBag[0]->com.betrybe.agrix.model.entity.Crop["farm"]->com.betrybe.agrix.model.entity.Farm["crops"]->org.hibernate.collection.spi.PersistentBag[0]->com.betrybe.agrix.model.entity.Crop["farm"]->com.betrybe.agrix.model.entity.Farm["crops"]->org.hibernate.collection.spi.PersistentBag[0]->com.betrybe.agrix.model.entity.Crop["farm"]->com.betrybe.agrix.model.entity.Farm["crops"]->org.hibernate.collection.spi.PersistentBag[0]->com.betrybe.agrix.model.entity.Crop["farm"]->com.betrybe.agrix.model.entity.Farm["crops"]->org.hibernate.collection.spi.PersistentBag[0]->com.betrybe.agrix.model.entity.Crop["farm"]->com.betrybe.agrix.model.entity.Farm["crops"]->org.hibernate.collection.spi.PersistentBag[0]->com.betrybe.agrix.model.entity.Crop["farm"]->com.betrybe.agrix.model.entity.Farm["crops"]->org.hibernate.collection.spi.PersistentBag[0]->com.betrybe.agrix.model.entity.Crop["farm"]->com.betrybe.agrix.model.entity.Farm["crops"]->org.hibernate.collection.spi.PersistentBag[0]->com.betrybe.agrix.model.entity.Crop["farm"]->com.betrybe.agrix.model.entity.Farm["crops"]->org.hibernate.collection.spi.PersistentBag[0]->com.betrybe.agrix.model.entity.Crop["farm"]->com.betrybe.agrix.model.entity.Farm["crops"]->org.hibernate.collection.spi.PersistentBag[0]->com.betrybe.agrix.model.entity.Crop["farm"]->com.betrybe.agrix.model.entity.Farm["crops"]->org.hibernate.collection.spi.PersistentBag[0]->com.betrybe.agrix.model.entity.Crop["farm"]->com.betrybe.agrix.model.entity.Farm["crops"]->org.hibernate.collection.spi.PersistentBag[0]->com.betrybe.agrix.model.entity.Crop["farm"]->com.betrybe.agrix.model.entity.Farm["crops"]->org.hibernate.collection.spi.PersistentBag[0]->com.betrybe.agrix.model.entity.Crop["farm"]->com.betrybe.agrix.model.entity.Farm["crops"]->org.hibernate.collection.spi.PersistentBag[0]->com.betrybe.agrix.model.entity.Crop["farm"]->com.betrybe.agrix.model.entity.Farm["crops"]->org.hibernate.collection.spi.PersistentBag[0]->com.betrybe.agrix.model.entity.Crop["farm"]->com.betrybe.agrix.model.entity.Farm["crops"]->org.hibernate.collection.spi.PersistentBag[0]->com.betrybe.agrix.model.entity.Crop["farm"]->com.betrybe.agrix.model.entity.Farm["crops"]->org.hibernate.collection.spi.PersistentBag[0]->com.betrybe.agrix.model.entity.Crop["farm"]->com.betrybe.agrix.model.entity.Farm["crops"]->org.hibernate.collection.spi.PersistentBag[0]->com.betrybe.agrix.model.entity.Crop["farm"]->com.betrybe.agrix.model.entity.Farm["crops"]->org.hibernate.collection.spi.PersistentBag[0]->com.betrybe.agrix.model.entity.Crop["farm"]->com.betrybe.agrix.model.entity.Farm["crops"]->org.hibernate.collection.spi.PersistentBag[0]->com.betrybe.agrix.model.entity.Crop["farm"]->com.betrybe.agrix.model.entity.Farm["crops"]->org.hibernate.collection.spi.PersistentBag[0]->com.betrybe.agrix.model.entity.Crop["farm"]->com.betrybe.agrix.model.entity.Farm["crops"]->org.hibernate.collection.spi.PersistentBag[0]->com.betrybe.agrix.model.entity.Crop["farm"]->com.betrybe.agrix.model.entity.Farm["crops"]->org.hibernate.collection.spi.PersistentBag[0]->com.betrybe.agrix.model.entity.Crop["farm"]->com.betrybe.agrix.model.entity.Farm["crops"]->org.hibernate.collection.spi.PersistentBag[0]->com.betrybe.agrix.model.entity.Crop["farm"]->com.betrybe.agrix.model.entity.Farm["crops"]->org.hibernate.collection.spi.PersistentBag[0]->com.betrybe.agrix.model.entity.Crop["farm"]->com.betrybe.agrix.model.entity.Farm["crops"]->org.hibernate.collection.spi.PersistentBag[0]->com.betrybe.agrix.model.entity.Crop["farm"]->com.betrybe.agrix.model.entity.Farm["crops"]->org.hibernate.collection.spi.PersistentBag[0]->com.betrybe.agrix.model.entity.Crop["farm"]->com.betrybe.agrix.model.entity.Farm["crops"]->org.hibernate.collection.spi.PersistentBag[0]->com.betrybe.agrix.model.entity.Crop["farm"]->com.betrybe.agrix.model.entity.Farm["crops"]->org.hibernate.collection.spi.PersistentBag[0]->com.betrybe.agrix.model.entity.Crop["farm"]->com.betrybe.agrix.model.entity.Farm["crops"]->org.hibernate.collection.spi.PersistentBag[0]->com.betrybe.agrix.model.entity.Crop["farm"]->com.betrybe.agrix.model.entity.Farm["crops"]->org.hibernate.collection.spi.PersistentBag[0]->com.betrybe.agrix.model.entity.Crop["farm"]->com.betrybe.agrix.model.entity.Farm["crops"]->org.hibernate.collection.spi.PersistentBag[0]->com.betrybe.agrix.model.entity.Crop["farm"]->com.betrybe.agrix.model.entity.Farm["crops"]->org.hibernate.collection.spi.PersistentBag[0]->com.betrybe.agrix.model.entity.Crop["farm"]->com.betrybe.agrix.model.entity.Farm["crops"]->org.hibernate.collection.spi.PersistentBag[0]->com.betrybe.agrix.model.entity.Crop["farm"]->com.betrybe.agrix.model.entity.Farm["crops"]->org.hibernate.collection.spi.PersistentBag[0]->com.betrybe.agrix.model.entity.Crop["farm"]->com.betrybe.agrix.model.entity.Farm["crops"]->org.hibernate.collection.spi.PersistentBag[0]->com.betrybe.agrix.model.entity.Crop["farm"]->com.betrybe.agrix.model.entity.Farm["crops"]->org.hibernate.collection.spi.PersistentBag[0]->com.betrybe.agrix.model.entity.Crop["farm"]->com.betrybe.agrix.model.entity.Farm["crops"]->org.hibernate.collection.spi.PersistentBag[0]->com.betrybe.agrix.model.entity.Crop["farm"]->com.betrybe.agrix.model.entity.Farm["crops"]->org.hibernate.collection.spi.PersistentBag[0]->com.betrybe.agrix.model.entity.Crop["farm"]->com.betrybe.agrix.model.entity.Farm["crops"]->org.hibernate.collection.spi.PersistentBag[0]->com.betrybe.agrix.model.entity.Crop["farm"]->com.betrybe.agrix.model.entity.Farm["crops"]->org.hibernate.collection.spi.PersistentBag[0]->com.betrybe.agrix.model.entity.Crop["farm"]->com.betrybe.agrix.model.entity.Farm["crops"]->org.hibernate.collection.spi.PersistentBag[0]->com.betrybe.agrix.model.entity.Crop["farm"]->com.betrybe.agrix.model.entity.Farm["crops"]->org.hibernate.collection.spi.PersistentBag[0]->com.betrybe.agrix.model.entity.Crop["farm"]->com.betrybe.agrix.model.entity.Farm["crops"]->org.hibernate.collection.spi.PersistentBag[0]->com.betrybe.agrix.model.entity.Crop["farm"]->com.betrybe.agrix.model.entity.Farm["crops"]->org.hibernate.collection.spi.PersistentBag[0]->com.betrybe.agrix.model.entity.Crop["farm"]->com.betrybe.agrix.model.entity.Farm["crops"]->org.hibernate.collection.spi.PersistentBag[0]->com.betrybe.agrix.model.entity.Crop["farm"]->com.betrybe.agrix.model.entity.Farm["crops"]->org.hibernate.collection.spi.PersistentBag[0]->com.betrybe.agrix.model.entity.Crop["farm"]->com.betrybe.agrix.model.entity.Farm["crops"]->org.hibernate.collection.spi.PersistentBag[0]->com.betrybe.agrix.model.entity.Crop["farm"]->com.betrybe.agrix.model.entity.Farm["crops"]->org.hibernate.collection.spi.PersistentBag[0]->com.betrybe.agrix.model.entity.Crop["farm"]->com.betrybe.agrix.model.entity.Farm["crops"]->org.hibernate.collection.spi.PersistentBag[0]->com.betrybe.agrix.model.entity.Crop["farm"]->com.betrybe.agrix.model.entity.Farm["crops"]->org.hibernate.collection.spi.PersistentBag[0]->com.betrybe.agrix.model.entity.Crop["farm"]->com.betrybe.agrix.model.entity.Farm["crops"]->org.hibernate.collection.spi.PersistentBag[0]->com.betrybe.agrix.model.entity.Crop["farm"]->com.betrybe.agrix.model.entity.Farm["crops"]->org.hibernate.collection.spi.PersistentBag[0]->com.betrybe.agrix.model.entity.Crop["farm"]->com.betrybe.agrix.model.entity.Farm["crops"]->org.hibernate.collection.spi.PersistentBag[0]->com.betrybe.agrix.model.entity.Crop["farm"]->com.betrybe.agrix.model.entity.Farm["crops"]->org.hibernate.collection.spi.PersistentBag[0]->com.betrybe.agrix.model.entity.Crop["farm"]->com.betrybe.agrix.model.entity.Farm["crops"]->org.hibernate.collection.spi.PersistentBag[0]->com.betrybe.agrix.model.entity.Crop["farm"]->com.betrybe.agrix.model.entity.Farm["crops"]->org.hibernate.collection.spi.PersistentBag[0]->com.betrybe.agrix.model.entity.Crop["farm"]->com.betrybe.agrix.model.entity.Farm["crops"]->org.hibernate.collection.spi.PersistentBag[0]->com.betrybe.agrix.model.entity.Crop["farm"]->com.betrybe.agrix.model.entity.Farm["crops"]->org.hibernate.collection.spi.PersistentBag[0]->com.betrybe.agrix.model.entity.Crop["farm"]->com.betrybe.agrix.model.entity.Farm["crops"]->org.hibernate.collection.spi.PersistentBag[0]->com.betrybe.agrix.model.entity.Crop["farm"]->com.betrybe.agrix.model.entity.Farm["crops"]->org.hibernate.collection.spi.PersistentBag[0]->com.betrybe.agrix.model.entity.Crop["farm"]->com.betrybe.agrix.model.entity.Farm["crops"]->org.hibernate.collection.spi.PersistentBag[0]->com.betrybe.agrix.model.entity.Crop["farm"]->com.betrybe.agrix.model.entity.Farm["crops"]->org.hibernate.collection.spi.PersistentBag[0]->com.betrybe.agrix.model.entity.Crop["farm"]->com.betrybe.agrix.model.entity.Farm["crops"]->org.hibernate.collection.spi.PersistentBag[0]->com.betrybe.agrix.model.entity.Crop["farm"]->com.betrybe.agrix.model.entity.Farm["crops"]->org.hibernate.collection.spi.PersistentBag[0]->com.betrybe.agrix.model.entity.Crop["farm"]->com.betrybe.agrix.model.entity.Farm["crops"]->org.hibernate.collection.spi.PersistentBag[0]->com.betrybe.agrix.model.entity.Crop["farm"]->com.betrybe.agrix.model.entity.Farm["crops"]->org.hibernate.collection.spi.PersistentBag[0]->com.betrybe.agrix.model.entity.Crop["farm"]->com.betrybe.agrix.model.entity.Farm["crops"]->org.hibernate.collection.spi.PersistentBag[0]->com.betrybe.agrix.model.entity.Crop["farm"]->com.betrybe.agrix.model.entity.Farm["crops"]->org.hibernate.collection.spi.PersistentBag[0]->com.betrybe.agrix.model.entity.Crop["farm"]->com.betrybe.agrix.model.entity.Farm["crops"]->org.hibernate.collection.spi.PersistentBag[0]->com.betrybe.agrix.model.entity.Crop["farm"]->com.betrybe.agrix.model.entity.Farm["crops"]->org.hibernate.collection.spi.PersistentBag[0]->com.betrybe.agrix.model.entity.Crop["farm"]->com.betrybe.agrix.model.entity.Farm["crops"]->org.hibernate.collection.spi.PersistentBag[0]->com.betrybe.agrix.model.entity.Crop["farm"]->com.betrybe.agrix.model.entity.Farm["crops"]->org.hibernate.collection.spi.PersistentBag[0]->com.betrybe.agrix.model.entity.Crop["farm"]->com.betrybe.agrix.model.entity.Farm["crops"]->org.hibernate.collection.spi.PersistentBag[0]->com.betrybe.agrix.model.entity.Crop["farm"]->com.betrybe.agrix.model.entity.Farm["crops"]->org.hibernate.collection.spi.PersistentBag[0]->com.betrybe.agrix.model.entity.Crop["farm"]->com.betrybe.agrix.model.entity.Farm["crops"]->org.hibernate.collection.spi.PersistentBag[0]->com.betrybe.agrix.model.entity.Crop["farm"]->com.betrybe.agrix.model.entity.Farm["crops"]->org.hibernate.collection.spi.PersistentBag[0]->com.betrybe.agrix.model.entity.Crop["farm"]->com.betrybe.agrix.model.entity.Farm["crops"]->org.hibernate.collection.spi.PersistentBag[0]->com.betrybe.agrix.model.entity.Crop["farm"]->com.betrybe.agrix.model.entity.Farm["crops"]->org.hibernate.collection.spi.PersistentBag[0]->com.betrybe.agrix.model.entity.Crop["farm"]->com.betrybe.agrix.model.entity.Farm["crops"]->org.hibernate.collection.spi.PersistentBag[0]->com.betrybe.agrix.model.entity.Crop["farm"]->com.betrybe.agrix.model.entity.Farm["crops"]->org.hibernate.collection.spi.PersistentBag[0]->com.betrybe.agrix.model.entity.Crop["farm"]->com.betrybe.agrix.model.entity.Farm["crops"]->org.hibernate.collection.spi.PersistentBag[0]->com.betrybe.agrix.model.entity.Crop["farm"]->com.betrybe.agrix.model.entity.Farm["crops"]->org.hibernate.collection.spi.PersistentBag[0]->com.betrybe.agrix.model.entity.Crop["farm"]->com.betrybe.agrix.model.entity.Farm["crops"]->org.hibernate.collection.spi.PersistentBag[0]->com.betrybe.agrix.model.entity.Crop["farm"]->com.betrybe.agrix.model.entity.Farm["crops"]->org.hibernate.collection.spi.PersistentBag[0]->com.betrybe.agrix.model.entity.Crop["farm"]->com.betrybe.agrix.model.entity.Farm["crops"]->org.hibernate.collection.spi.PersistentBag[0]->com.betrybe.agrix.model.entity.Crop["farm"]->com.betrybe.agrix.model.entity.Farm["crops"]->org.hibernate.collection.spi.PersistentBag[0]->com.betrybe.agrix.model.entity.Crop["farm"]->com.betrybe.agrix.model.entity.Farm["crops"]->org.hibernate.collection.spi.PersistentBag[0]->com.betrybe.agrix.model.entity.Crop["farm"]->com.betrybe.agrix.model.entity.Farm["crops"]->org.hibernate.collection.spi.PersistentBag[0]->com.betrybe.agrix.model.entity.Crop["farm"]->com.betrybe.agrix.model.entity.Farm["crops"]->org.hibernate.collection.spi.PersistentBag[0]->com.betrybe.agrix.model.entity.Crop["farm"]->com.betrybe.agrix.model.entity.Farm["crops"]->org.hibernate.collection.spi.PersistentBag[0]->com.betrybe.agrix.model.entity.Crop["farm"]->com.betrybe.agrix.model.entity.Farm["crops"]->org.hibernate.collection.spi.PersistentBag[0]->com.betrybe.agrix.model.entity.Crop["farm"]->com.betrybe.agrix.model.entity.Farm["crops"]->org.hibernate.collection.spi.PersistentBag[0]->com.betrybe.agrix.model.entity.Crop["farm"]->com.betrybe.agrix.model.entity.Farm["crops"]->org.hibernate.collection.spi.PersistentBag[0]->com.betrybe.agrix.model.entity.Crop["farm"]->com.betrybe.agrix.model.entity.Farm["crops"]->org.hibernate.collection.spi.PersistentBag[0]->com.betrybe.agrix.model.entity.Crop["farm"]->com.betrybe.agrix.model.entity.Farm["crops"]->org.hibernate.collection.spi.PersistentBag[0]->com.betrybe.agrix.model.entity.Crop["farm"]->com.betrybe.agrix.model.entity.Farm["crops"]->org.hibernate.collection.spi.PersistentBag[0]->com.betrybe.agrix.model.entity.Crop["farm"]->com.betrybe.agrix.model.entity.Farm["crops"]->org.hibernate.collection.spi.PersistentBag[0]->com.betrybe.agrix.model.entity.Crop["farm"]->com.betrybe.agrix.model.entity.Farm["crops"]->org.hibernate.collection.spi.PersistentBag[0]->com.betrybe.agrix.model.entity.Crop["farm"]->com.betrybe.agrix.model.entity.Farm["crops"]->org.hibernate.collection.spi.PersistentBag[0]->com.betrybe.agrix.model.entity.Crop["farm"]->com.betrybe.agrix.model.entity.Farm["crops"]->org.hibernate.collection.spi.PersistentBag[0]->com.betrybe.agrix.model.entity.Crop["farm"]->com.betrybe.agrix.model.entity.Farm["crops"]->org.hibernate.collection.spi.PersistentBag[0]->com.betrybe.agrix.model.entity.Crop["farm"]->com.betrybe.agrix.model.entity.Farm["crops"]->org.hibernate.collection.spi.PersistentBag[0]->com.betrybe.agrix.model.entity.Crop["farm"]->com.betrybe.agrix.model.entity.Farm["crops"]->org.hibernate.collection.spi.PersistentBag[0]->com.betrybe.agrix.model.entity.Crop["farm"]->com.betrybe.agrix.model.entity.Farm["crops"]->org.hibernate.collection.spi.PersistentBag[0]->com.betrybe.agrix.model.entity.Crop["farm"]->com.betrybe.agrix.model.entity.Farm["crops"]->org.hibernate.collection.spi.PersistentBag[0]->com.betrybe.agrix.model.entity.Crop["farm"]->com.betrybe.agrix.model.entity.Farm["crops"]->org.hibernate.collection.spi.PersistentBag[0]->com.betrybe.agrix.model.entity.Crop["farm"]->com.betrybe.agrix.model.entity.Farm["crops"]->org.hibernate.collection.spi.PersistentBag[0]->com.betrybe.agrix.model.entity.Crop["farm"]->com.betrybe.agrix.model.entity.Farm["crops"]->org.hibernate.collection.spi.PersistentBag[0]->com.betrybe.agrix.model.entity.Crop["farm"]->com.betrybe.agrix.model.entity.Farm["crops"]->org.hibernate.collection.spi.PersistentBag[0]->com.betrybe.agrix.model.entity.Crop["farm"]->com.betrybe.agrix.model.entity.Farm["crops"]->org.hibernate.collection.spi.PersistentBag[0]->com.betrybe.agrix.model.entity.Crop["farm"]->com.betrybe.agrix.model.entity.Farm["crops"]->org.hibernate.collection.spi.PersistentBag[0]->com.betrybe.agrix.model.entity.Crop["farm"]->com.betrybe.agrix.model.entity.Farm["crops"]->org.hibernate.collection.spi.PersistentBag[0]->com.betrybe.agrix.model.entity.Crop["farm"]->com.betrybe.agrix.model.entity.Farm["crops"]->org.hibernate.collection.spi.PersistentBag[0]->com.betrybe.agrix.model.entity.Crop["farm"]->com.betrybe.agrix.model.entity.Farm["crops"]->org.hibernate.collection.spi.PersistentBag[0]->com.betrybe.agrix.model.entity.Crop["farm"]->com.betrybe.agrix.model.entity.Farm["crops"]->org.hibernate.collection.spi.PersistentBag[0]->com.betrybe.agrix.model.entity.Crop["farm"]->com.betrybe.agrix.model.entity.Farm["crops"]->org.hibernate.collection.spi.PersistentBag[0]->com.betrybe.agrix.model.entity.Crop["farm"]->com.betrybe.agrix.model.entity.Farm["crops"]->org.hibernate.collection.spi.PersistentBag[0]->com.betrybe.agrix.model.entity.Crop["farm"]->com.betrybe.agrix.model.entity.Farm["crops"]->org.hibernate.collection.spi.PersistentBag[0]->com.betrybe.agrix.model.entity.Crop["farm"]->com.betrybe.agrix.model.entity.Farm["crops"]->org.hibernate.collection.spi.PersistentBag[0]->com.betrybe.agrix.model.entity.Crop["farm"]->com.betrybe.agrix.model.entity.Farm["crops"]->org.hibernate.collection.spi.PersistentBag[0]->com.betrybe.agrix.model.entity.Crop["farm"]->com.betrybe.agrix.model.entity.Farm["crops"]->org.hibernate.collection.spi.PersistentBag[0]->com.betrybe.agrix.model.entity.Crop["farm"]->com.betrybe.agrix.model.entity.Farm["crops"]->org.hibernate.collection.spi.PersistentBag[0]->com.betrybe.agrix.model.entity.Crop["farm"]->com.betrybe.agrix.model.entity.Farm["crops"]->org.hibernate.collection.spi.PersistentBag[0]->com.betrybe.agrix.model.entity.Crop["farm"]->com.betrybe.agrix.model.entity.Farm["crops"]->org.hibernate.collection.spi.PersistentBag[0]->com.betrybe.agrix.model.entity.Crop["farm"]->com.betrybe.agrix.model.entity.Farm["crops"]->org.hibernate.collection.spi.PersistentBag[0]->com.betrybe.agrix.model.entity.Crop["farm"]->com.betrybe.agrix.model.entity.Farm["crops"]->org.hibernate.collection.spi.PersistentBag[0]->com.betrybe.agrix.model.entity.Crop["farm"]->com.betrybe.agrix.model.entity.Farm["crops"]->org.hibernate.collection.spi.PersistentBag[0]->com.betrybe.agrix.model.entity.Crop["farm"]->com.betrybe.agrix.model.entity.Farm["crops"]->org.hibernate.collection.spi.PersistentBag[0]->com.betrybe.agrix.model.entity.Crop["farm"]->com.betrybe.agrix.model.entity.Farm["crops"]->org.hibernate.collection.spi.PersistentBag[0]->com.betrybe.agrix.model.entity.Crop["farm"]->com.betrybe.agrix.model.entity.Farm["crops"]->org.hibernate.collection.spi.PersistentBag[0]->com.betrybe.agrix.model.entity.Crop["farm"]->com.betrybe.agrix.model.entity.Farm["crops"]->org.hibernate.collection.spi.PersistentBag[0]->com.betrybe.agrix.model.entity.Crop["farm"]->com.betrybe.agrix.model.entity.Farm["crops"]->org.hibernate.collection.spi.PersistentBag[0]->com.betrybe.agrix.model.entity.Crop["farm"]->com.betrybe.agrix.model.entity.Farm["crops"]->org.hibernate.collection.spi.PersistentBag[0]->com.betrybe.agrix.model.entity.Crop["farm"]->com.betrybe.agrix.model.entity.Farm["crops"]->org.hibernate.collection.spi.PersistentBag[0]->com.betrybe.agrix.model.entity.Crop["farm"]->com.betrybe.agrix.model.entity.Farm["crops"]->org.hibernate.collection.spi.PersistentBag[0]->com.betrybe.agrix.model.entity.Crop["farm"]->com.betrybe.agrix.model.entity.Farm["crops"]->org.hibernate.collection.spi.PersistentBag[0]->com.betrybe.agrix.model.entity.Crop["farm"]->com.betrybe.agrix.model.entity.Farm["crops"]->org.hibernate.collection.spi.PersistentBag[0]->com.betrybe.agrix.model.entity.Crop["farm"]->com.betrybe.agrix.model.entity.Farm["crops"]->org.hibernate.collection.spi.PersistentBag[0]->com.betrybe.agrix.model.entity.Crop["farm"]->com.betrybe.agrix.model.entity.Farm["crops"]->org.hibernate.collection.spi.PersistentBag[0]->com.betrybe.agrix.model.entity.Crop["farm"]->com.betrybe.agrix.model.entity.Farm["crops"]->org.hibernate.collection.spi.PersistentBag[0]->com.betrybe.agrix.model.entity.Crop["farm"]->com.betrybe.agrix.model.entity.Farm["crops"]->org.hibernate.collection.spi.PersistentBag[0]->com.betrybe.agrix.model.entity.Crop["farm"]->com.betrybe.agrix.model.entity.Farm["crops"]->org.hibernate.collection.spi.PersistentBag[0]->com.betrybe.agrix.model.entity.Crop["farm"]->com.betrybe.agrix.model.entity.Farm["crops"]->org.hibernate.collection.spi.PersistentBag[0]->com.betrybe.agrix.model.entity.Crop["farm"]->com.betrybe.agrix.model.entity.Farm["crops"]->org.hibernate.collection.spi.PersistentBag[0]->com.betrybe.agrix.model.entity.Crop["farm"]->com.betrybe.agrix.model.entity.Farm["crops"]->org.hibernate.collection.spi.PersistentBag[0]->com.betrybe.agrix.model.entity.Crop["farm"]->com.betrybe.agrix.model.entity.Farm["crops"]->org.hibernate.collection.spi.PersistentBag[0]->com.betrybe.agrix.model.entity.Crop["farm"]->com.betrybe.agrix.model.entity.Farm["crops"]->org.hibernate.collection.spi.PersistentBag[0]->com.betrybe.agrix.model.entity.Crop["farm"]->com.betrybe.agrix.model.entity.Farm["crops"]->org.hibernate.collection.spi.PersistentBag[0]->com.betrybe.agrix.model.entity.Crop["farm"]->com.betrybe.agrix.model.entity.Farm["crops"]->org.hibernate.collection.spi.PersistentBag[0]->com.betrybe.agrix.model.entity.Crop["farm"]->com.betrybe.agrix.model.entity.Farm["crops"]->org.hibernate.collection.spi.PersistentBag[0]->com.betrybe.agrix.model.entity.Crop["farm"]->com.betrybe.agrix.model.entity.Farm["crops"]->org.hibernate.collection.spi.PersistentBag[0]->com.betrybe.agrix.model.entity.Crop["farm"]->com.betrybe.agrix.model.entity.Farm["crops"]->org.hibernate.collection.spi.PersistentBag[0]->com.betrybe.agrix.model.entity.Crop["farm"]->com.betrybe.agrix.model.entity.Farm["crops"]->org.hibernate.collection.spi.PersistentBag[0]->com.betrybe.agrix.model.entity.Crop["farm"]->com.betrybe.agrix.model.entity.Farm["crops"]->org.hibernate.collection.spi.PersistentBag[0]->com.betrybe.agrix.model.entity.Crop["farm"]->com.betrybe.agrix.model.entity.Farm["crops"]->org.hibernate.collection.spi.PersistentBag[0]->com.betrybe.agrix.model.entity.Crop["farm"]->com.betrybe.agrix.model.entity.Farm["crops"]->org.hibernate.collection.spi.PersistentBag[0]->com.betrybe.agrix.model.entity.Crop["farm"]->com.betrybe.agrix.model.entity.Farm["crops"]->org.hibernate.collection.spi.PersistentBag[0]->com.betrybe.agrix.model.entity.Crop["farm"]->com.betrybe.agrix.model.entity.Farm["crops"]->org.hibernate.collection.spi.PersistentBag[0]->com.betrybe.agrix.model.entity.Crop["farm"]->com.betrybe.agrix.model.entity.Farm["crops"]->org.hibernate.collection.spi.PersistentBag[0]->com.betrybe.agrix.model.entity.Crop["farm"]->com.betrybe.agrix.model.entity.Farm["crops"]->org.hibernate.collection.spi.PersistentBag[0]->com.betrybe.agrix.model.entity.Crop["farm"]->com.betrybe.agrix.model.entity.Farm["crops"]->org.hibernate.collection.spi.PersistentBag[0]->com.betrybe.agrix.model.entity.Crop["farm"]->com.betrybe.agrix.model.entity.Farm["crops"]->org.hibernate.collection.spi.PersistentBag[0]->com.betrybe.agrix.model.entity.Crop["farm"]->com.betrybe.agrix.model.entity.Farm["crops"]->org.hibernate.collection.spi.PersistentBag[0]->com.betrybe.agrix.model.entity.Crop["farm"]->com.betrybe.agrix.model.entity.Farm["crops"]->org.hibernate.collection.spi.PersistentBag[0]->com.betrybe.agrix.model.entity.Crop["farm"]->com.betrybe.agrix.model.entity.Farm["crops"]->org.hibernate.collection.spi.PersistentBag[0]->com.betrybe.agrix.model.entity.Crop["farm"]->com.betrybe.agrix.model.entity.Farm["crops"]->org.hibernate.collection.spi.PersistentBag[0]->com.betrybe.agrix.model.entity.Crop["farm"]->com.betrybe.agrix.model.entity.Farm["crops"]->org.hibernate.collection.spi.PersistentBag[0]->com.betrybe.agrix.model.entity.Crop["farm"]->com.betrybe.agrix.model.entity.Farm["crops"]->org.hibernate.collection.spi.PersistentBag[0]->com.betrybe.agrix.model.entity.Crop["farm"]->com.betrybe.agrix.model.entity.Farm["crops"]->org.hibernate.collection.spi.PersistentBag[0]->com.betrybe.agrix.model.entity.Crop["farm"]->com.betrybe.agrix.model.entity.Farm["crops"]->org.hibernate.collection.spi.PersistentBag[0]->com.betrybe.agrix.model.entity.Crop["farm"]->com.betrybe.agrix.model.entity.Farm["crops"]->org.hibernate.collection.spi.PersistentBag[0]->com.betrybe.agrix.model.entity.Crop["farm"]->com.betrybe.agrix.model.entity.Farm["crops"]->org.hibernate.collection.spi.PersistentBag[0]->com.betrybe.agrix.model.entity.Crop["farm"]->com.betrybe.agrix.model.entity.Farm["crops"]->org.hibernate.collection.spi.PersistentBag[0]->com.betrybe.agrix.model.entity.Crop["farm"]->com.betrybe.agrix.model.entity.Farm["crops"]->org.hibernate.collection.spi.PersistentBag[0]->com.betrybe.agrix.model.entity.Crop["farm"]->com.betrybe.agrix.model.entity.Farm["crops"]->org.hibernate.collection.spi.PersistentBag[0]->com.betrybe.agrix.model.entity.Crop["farm"]->com.betrybe.agrix.model.entity.Farm["crops"]->org.hibernate.collection.spi.PersistentBag[0]->com.betrybe.agrix.model.entity.Crop["farm"]->com.betrybe.agrix.model.entity.Farm["crops"]->org.hibernate.collection.spi.PersistentBag[0]->com.betrybe.agrix.model.entity.Crop["farm"]->com.betrybe.agrix.model.entity.Farm["crops"]->org.hibernate.collection.spi.PersistentBag[0]->com.betrybe.agrix.model.entity.Crop["farm"]->com.betrybe.agrix.model.entity.Farm["crops"]->org.hibernate.collection.spi.PersistentBag[0]->com.betrybe.agrix.model.entity.Crop["farm"]->com.betrybe.agrix.model.entity.Farm["crops"]->org.hibernate.collection.spi.PersistentBag[0]->com.betrybe.agrix.model.entity.Crop["farm"]->com.betrybe.agrix.model.entity.Farm["crops"]->org.hibernate.collection.spi.PersistentBag[0]->com.betrybe.agrix.model.entity.Crop["farm"]->com.betrybe.agrix.model.entity.Farm["crops"]->org.hibernate.collection.spi.PersistentBag[0]->com.betrybe.agrix.model.entity.Crop["farm"]->com.betrybe.agrix.model.entity.Farm["crops"]->org.hibernate.collection.spi.PersistentBag[0]->com.betrybe.agrix.model.entity.Crop["farm"]->com.betrybe.agrix.model.entity.Farm["crops"]->org.hibernate.collection.spi.PersistentBag[0]->com.betrybe.agrix.model.entity.Crop["farm"]->com.betrybe.agrix.model.entity.Farm["crops"]->org.hibernate.collection.spi.PersistentBag[0]->com.betrybe.agrix.model.entity.Crop["farm"]->com.betrybe.agrix.model.entity.Farm["crops"]->org.hibernate.collection.spi.PersistentBag[0]->com.betrybe.agrix.model.entity.Crop["farm"]->com.betrybe.agrix.model.entity.Farm["crops"]->org.hibernate.collection.spi.PersistentBag[0]->com.betrybe.agrix.model.entity.Crop["farm"]->com.betrybe.agrix.model.entity.Farm["crops"]->org.hibernate.collection.spi.PersistentBag[0]->com.betrybe.agrix.model.entity.Crop["farm"]->com.betrybe.agrix.model.entity.Farm["crops"]->org.hibernate.collection.spi.PersistentBag[0]->com.betrybe.agrix.model.entity.Crop["farm"]->com.betrybe.agrix.model.entity.Farm["crops"]->org.hibernate.collection.spi.PersistentBag[0]->com.betrybe.agrix.model.entity.Crop["farm"]->com.betrybe.agrix.model.entity.Farm["crops"]->org.hibernate.collection.spi.PersistentBag[0]->com.betrybe.agrix.model.entity.Crop["farm"]->com.betrybe.agrix.model.entity.Farm["crops"]->org.hibernate.collection.spi.PersistentBag[0]->com.betrybe.agrix.model.entity.Crop["farm"]->com.betrybe.agrix.model.entity.Farm["crops"]->org.hibernate.collection.spi.PersistentBag[0]->com.betrybe.agrix.model.entity.Crop["farm"]->com.betrybe.agrix.model.entity.Farm["crops"]->org.hibernate.collection.spi.PersistentBag[0]->com.betrybe.agrix.model.entity.Crop["farm"]->com.betrybe.agrix.model.entity.Farm["crops"]->org.hibernate.collection.spi.PersistentBag[0]->com.betrybe.agrix.model.entity.Crop["farm"]->com.betrybe.agrix.model.entity.Farm["crops"]->org.hibernate.collection.spi.PersistentBag[0]->com.betrybe.agrix.model.entity.Crop["farm"]->com.betrybe.agrix.model.entity.Farm["crops"]->org.hibernate.collection.spi.PersistentBag[0]->com.betrybe.agrix.model.entity.Crop["farm"]->com.betrybe.agrix.model.entity.Farm["crops"]->org.hibernate.collection.spi.PersistentBag[0]->com.betrybe.agrix.model.entity.Crop["farm"]->com.betrybe.agrix.model.entity.Farm["crops"]->org.hibernate.collection.spi.PersistentBag[0]->com.betrybe.agrix.model.entity.Crop["farm"]->com.betrybe.agrix.model.entity.Farm["crops"]->org.hibernate.collection.spi.PersistentBag[0]->com.betrybe.agrix.model.entity.Crop["farm"]->com.betrybe.agrix.model.entity.Farm["crops"]->org.hibernate.collection.spi.PersistentBag[0]->com.betrybe.agrix.model.entity.Crop["farm"]->com.betrybe.agrix.model.entity.Farm["crops"]->org.hibernate.collection.spi.PersistentBag[0]->com.betrybe.agrix.model.entity.Crop["farm"]->com.betrybe.agrix.model.entity.Farm["crops"]->org.hibernate.collection.spi.PersistentBag[0]->com.betrybe.agrix.model.entity.Crop["farm"]->com.betrybe.agrix.model.entity.Farm["crops"]->org.hibernate.collection.spi.PersistentBag[0]->com.betrybe.agrix.model.entity.Crop["farm"]->com.betrybe.agrix.model.entity.Farm["crops"]->org.hibernate.collection.spi.PersistentBag[0]->com.betrybe.agrix.model.entity.Crop["farm"]->com.betrybe.agrix.model.entity.Farm["crops"]->org.hibernate.collection.spi.PersistentBag[0]->com.betrybe.agrix.model.entity.Crop["farm"]->com.betrybe.agrix.model.entity.Farm["crops"]->org.hibernate.collection.spi.PersistentBag[0]->com.betrybe.agrix.model.entity.Crop["farm"]->com.betrybe.agrix.model.entity.Farm["crops"]->org.hibernate.collection.spi.PersistentBag[0]->com.betrybe.agrix.model.entity.Crop["farm"]->com.betrybe.agrix.model.entity.Farm["crops"]->org.hibernate.collection.spi.PersistentBag[0]->com.betrybe.agrix.model.entity.Crop["farm"]->com.betrybe.agrix.model.entity.Farm["crops"]->org.hibernate.collection.spi.PersistentBag[0]->com.betrybe.agrix.model.entity.Crop["farm"]->com.betrybe.agrix.model.entity.Farm["crops"]->org.hibernate.collection.spi.PersistentBag[0]->com.betrybe.agrix.model.entity.Crop["farm"]->com.betrybe.agrix.model.entity.Farm["crops"]->org.hibernate.collection.spi.PersistentBag[0]->com.betrybe.agrix.model.entity.Crop["farm"]->com.betrybe.agrix.model.entity.Farm["crops"]->org.hibernate.collection.spi.PersistentBag[0]->com.betrybe.agrix.model.entity.Crop["farm"]->com.betrybe.agrix.model.entity.Farm["crops"]->org.hibernate.collection.spi.PersistentBag[0]->com.betrybe.agrix.model.entity.Crop["farm"]->com.betrybe.agrix.model.entity.Farm["crops"]->org.hibernate.collection.spi.PersistentBag[0]->com.betrybe.agrix.model.entity.Crop["farm"]->com.betrybe.agrix.model.entity.Farm["crops"]->org.hibernate.collection.spi.PersistentBag[0]->com.betrybe.agrix.model.entity.Crop["farm"]->com.betrybe.agrix.model.entity.Farm["crops"]->org.hibernate.collection.spi.PersistentBag[0]->com.betrybe.agrix.model.entity.Crop["farm"]->com.betrybe.agrix.model.entity.Farm["crops"]->org.hibernate.collection.spi.PersistentBag[0]->com.betrybe.agrix.model.entity.Crop["farm"]->com.betrybe.agrix.model.entity.Farm["crops"]->org.hibernate.collection.spi.PersistentBag[0]->com.betrybe.agrix.model.entity.Crop["farm"]->com.betrybe.agrix.model.entity.Farm["crops"]->org.hibernate.collection.spi.PersistentBag[0]->com.betrybe.agrix.model.entity.Crop["farm"]->com.betrybe.agrix.model.entity.Farm["crops"]->org.hibernate.collection.spi.PersistentBag[0]->com.betrybe.agrix.model.entity.Crop["farm"]->com.betrybe.agrix.model.entity.Farm["crops"]->org.hibernate.collection.spi.PersistentBag[0]->com.betrybe.agrix.model.entity.Crop["farm"]->com.betrybe.agrix.model.entity.Farm["crops"]->org.hibernate.collection.spi.PersistentBag[0]->com.betrybe.agrix.model.entity.Crop["farm"]->com.betrybe.agrix.model.entity.Farm["crops"]->org.hibernate.collection.spi.PersistentBag[0]->com.betrybe.agrix.model.entity.Crop["farm"]->com.betrybe.agrix.model.entity.Farm["crops"]->org.hibernate.collection.spi.PersistentBag[0]->com.betrybe.agrix.model.entity.Crop["farm"]->com.betrybe.agrix.model.entity.Farm["crops"]->org.hibernate.collection.spi.PersistentBag[0]->com.betrybe.agrix.model.entity.Crop["farm"]->com.betrybe.agrix.model.entity.Farm["crops"]->org.hibernate.collection.spi.PersistentBag[0]->com.betrybe.agrix.model.entity.Crop["farm"]->com.betrybe.agrix.model.entity.Farm["crops"]->org.hibernate.collection.spi.PersistentBag[0]->com.betrybe.agrix.model.entity.Crop["farm"]->com.betrybe.agrix.model.entity.Farm["crops"]->org.hibernate.collection.spi.PersistentBag[0]->com.betrybe.agrix.model.entity.Crop["farm"]->com.betrybe.agrix.model.entity.Farm["crops"]->org.hibernate.collection.spi.PersistentBag[0]->com.betrybe.agrix.model.entity.Crop["farm"]->com.betrybe.agrix.model.entity.Farm["crops"]->org.hibernate.collection.spi.PersistentBag[0]->com.betrybe.agrix.model.entity.Crop["farm"]->com.betrybe.agrix.model.entity.Farm["crops"]->org.hibernate.collection.spi.PersistentBag[0]->com.betrybe.agrix.model.entity.Crop["farm"]->com.betrybe.agrix.model.entity.Farm["crops"]->org.hibernate.collection.spi.PersistentBag[0]->com.betrybe.agrix.model.entity.Crop["farm"]->com.betrybe.agrix.model.entity.Farm["crops"])
Caused by: java.lang.StackOverflowError

com.betrybe.agrix.evaluation.CropManagementTest.testCropCreation  Time elapsed: 0.025 s  <<< ERROR!
jakarta.servlet.ServletException: Request processing failed: org.springframework.http.converter.HttpMessageNotWritableException: Could not write JSON: Infinite recursion (StackOverflowError)
	at com.betrybe.agrix.evaluation.CropManagementTest.performCropCreation(CropManagementTest.java:257)
	at com.betrybe.agrix.evaluation.CropManagementTest.testCropCreationSuccess(CropManagementTest.java:68)
	at com.betrybe.agrix.evaluation.CropManagementTest.testCropCreation(CropManagementTest.java:60)
Caused by: org.springframework.http.converter.HttpMessageNotWritableException: Could not write JSON: Infinite recursion (StackOverflowError)
	at com.betrybe.agrix.evaluation.CropManagementTest.performCropCreation(CropManagementTest.java:257)
	at com.betrybe.agrix.evaluation.CropManagementTest.testCropCreationSuccess(CropManagementTest.java:68)
	at com.betrybe.agrix.evaluation.CropManagementTest.testCropCreation(CropManagementTest.java:60)
Caused by: com.fasterxml.jackson.databind.JsonMappingException: Infinite recursion (StackOverflowError) (through reference chain: com.betrybe.agrix.model.entity.Crop["farm"]->com.betrybe.agrix.model.entity.Farm["crops"]->org.hibernate.collection.spi.PersistentBag[0]->com.betrybe.agrix.model.entity.Crop["farm"]->com.betrybe.agrix.model.entity.Farm["crops"]->org.hibernate.collection.spi.PersistentBag[0]->com.betrybe.agrix.model.entity.Crop["farm"]->com.betrybe.agrix.model.entity.Farm["crops"]->org.hibernate.collection.spi.PersistentBag[0]->com.betrybe.agrix.model.entity.Crop["farm"]->com.betrybe.agrix.model.entity.Farm["crops"]->org.hibernate.collection.spi.PersistentBag[0]->com.betrybe.agrix.model.entity.Crop["farm"]->com.betrybe.agrix.model.entity.Farm["crops"]->org.hibernate.collection.spi.PersistentBag[0]->com.betrybe.agrix.model.entity.Crop["farm"]->com.betrybe.agrix.model.entity.Farm["crops"]->org.hibernate.collection.spi.PersistentBag[0]->com.betrybe.agrix.model.entity.Crop["farm"]->com.betrybe.agrix.model.entity.Farm["crops"]->org.hibernate.collection.spi.PersistentBag[0]->com.betrybe.agrix.model.entity.Crop["farm"]->com.betrybe.agrix.model.entity.Farm["crops"]->org.hibernate.collection.spi.PersistentBag[0]->com.betrybe.agrix.model.entity.Crop["farm"]->com.betrybe.agrix.model.entity.Farm["crops"]->org.hibernate.collection.spi.PersistentBag[0]->com.betrybe.agrix.model.entity.Crop["farm"]->com.betrybe.agrix.model.entity.Farm["crops"]->org.hibernate.collection.spi.PersistentBag[0]->com.betrybe.agrix.model.entity.Crop["farm"]->com.betrybe.agrix.model.entity.Farm["crops"]->org.hibernate.collection.spi.PersistentBag[0]->com.betrybe.agrix.model.entity.Crop["farm"]->com.betrybe.agrix.model.entity.Farm["crops"]->org.hibernate.collection.spi.PersistentBag[0]->com.betrybe.agrix.model.entity.Crop["farm"]->com.betrybe.agrix.model.entity.Farm["crops"]->org.hibernate.collection.spi.PersistentBag[0]->com.betrybe.agrix.model.entity.Crop["farm"]->com.betrybe.agrix.model.entity.Farm["crops"]->org.hibernate.collection.spi.PersistentBag[0]->com.betrybe.agrix.model.entity.Crop["farm"]->com.betrybe.agrix.model.entity.Farm["crops"]->org.hibernate.collection.spi.PersistentBag[0]->com.betrybe.agrix.model.entity.Crop["farm"]->com.betrybe.agrix.model.entity.Farm["crops"]->org.hibernate.collection.spi.PersistentBag[0]->com.betrybe.agrix.model.entity.Crop["farm"]->com.betrybe.agrix.model.entity.Farm["crops"]->org.hibernate.collection.spi.PersistentBag[0]->com.betrybe.agrix.model.entity.Crop["farm"]->com.betrybe.agrix.model.entity.Farm["crops"]->org.hibernate.collection.spi.PersistentBag[0]->com.betrybe.agrix.model.entity.Crop["farm"]->com.betrybe.agrix.model.entity.Farm["crops"]->org.hibernate.collection.spi.PersistentBag[0]->com.betrybe.agrix.model.entity.Crop["farm"]->com.betrybe.agrix.model.entity.Farm["crops"]->org.hibernate.collection.spi.PersistentBag[0]->com.betrybe.agrix.model.entity.Crop["farm"]->com.betrybe.agrix.model.entity.Farm["crops"]->org.hibernate.collection.spi.PersistentBag[0]->com.betrybe.agrix.model.entity.Crop["farm"]->com.betrybe.agrix.model.entity.Farm["crops"]->org.hibernate.collection.spi.PersistentBag[0]->com.betrybe.agrix.model.entity.Crop["farm"]->com.betrybe.agrix.model.entity.Farm["crops"]->org.hibernate.collection.spi.PersistentBag[0]->com.betrybe.agrix.model.entity.Crop["farm"]->com.betrybe.agrix.model.entity.Farm["crops"]->org.hibernate.collection.spi.PersistentBag[0]->com.betrybe.agrix.model.entity.Crop["farm"]->com.betrybe.agrix.model.entity.Farm["crops"]->org.hibernate.collection.spi.PersistentBag[0]->com.betrybe.agrix.model.entity.Crop["farm"]->com.betrybe.agrix.model.entity.Farm["crops"]->org.hibernate.collection.spi.PersistentBag[0]->com.betrybe.agrix.model.entity.Crop["farm"]->com.betrybe.agrix.model.entity.Farm["crops"]->org.hibernate.collection.spi.PersistentBag[0]->com.betrybe.agrix.model.entity.Crop["farm"]->com.betrybe.agrix.model.entity.Farm["crops"]->org.hibernate.collection.spi.PersistentBag[0]->com.betrybe.agrix.model.entity.Crop["farm"]->com.betrybe.agrix.model.entity.Farm["crops"]->org.hibernate.collection.spi.PersistentBag[0]->com.betrybe.agrix.model.entity.Crop["farm"]->com.betrybe.agrix.model.entity.Farm["crops"]->org.hibernate.collection.spi.PersistentBag[0]->com.betrybe.agrix.model.entity.Crop["farm"]->com.betrybe.agrix.model.entity.Farm["crops"]->org.hibernate.collection.spi.PersistentBag[0]->com.betrybe.agrix.model.entity.Crop["farm"]->com.betrybe.agrix.model.entity.Farm["crops"]->org.hibernate.collection.spi.PersistentBag[0]->com.betrybe.agrix.model.entity.Crop["farm"]->com.betrybe.agrix.model.entity.Farm["crops"]->org.hibernate.collection.spi.PersistentBag[0]->com.betrybe.agrix.model.entity.Crop["farm"]->com.betrybe.agrix.model.entity.Farm["crops"]->org.hibernate.collection.spi.PersistentBag[0]->com.betrybe.agrix.model.entity.Crop["farm"]->com.betrybe.agrix.model.entity.Farm["crops"]->org.hibernate.collection.spi.PersistentBag[0]->com.betrybe.agrix.model.entity.Crop["farm"]->com.betrybe.agrix.model.entity.Farm["crops"]->org.hibernate.collection.spi.PersistentBag[0]->com.betrybe.agrix.model.entity.Crop["farm"]->com.betrybe.agrix.model.entity.Farm["crops"]->org.hibernate.collection.spi.PersistentBag[0]->com.betrybe.agrix.model.entity.Crop["farm"]->com.betrybe.agrix.model.entity.Farm["crops"]->org.hibernate.collection.spi.PersistentBag[0]->com.betrybe.agrix.model.entity.Crop["farm"]->com.betrybe.agrix.model.entity.Farm["crops"]->org.hibernate.collection.spi.PersistentBag[0]->com.betrybe.agrix.model.entity.Crop["farm"]->com.betrybe.agrix.model.entity.Farm["crops"]->org.hibernate.collection.spi.PersistentBag[0]->com.betrybe.agrix.model.entity.Crop["farm"]->com.betrybe.agrix.model.entity.Farm["crops"]->org.hibernate.collection.spi.PersistentBag[0]->com.betrybe.agrix.model.entity.Crop["farm"]->com.betrybe.agrix.model.entity.Farm["crops"]->org.hibernate.collection.spi.PersistentBag[0]->com.betrybe.agrix.model.entity.Crop["farm"]->com.betrybe.agrix.model.entity.Farm["crops"]->org.hibernate.collection.spi.PersistentBag[0]->com.betrybe.agrix.model.entity.Crop["farm"]->com.betrybe.agrix.model.entity.Farm["crops"]->org.hibernate.collection.spi.PersistentBag[0]->com.betrybe.agrix.model.entity.Crop["farm"]->com.betrybe.agrix.model.entity.Farm["crops"]->org.hibernate.collection.spi.PersistentBag[0]->com.betrybe.agrix.model.entity.Crop["farm"]->com.betrybe.agrix.model.entity.Farm["crops"]->org.hibernate.collection.spi.PersistentBag[0]->com.betrybe.agrix.model.entity.Crop["farm"]->com.betrybe.agrix.model.entity.Farm["crops"]->org.hibernate.collection.spi.PersistentBag[0]->com.betrybe.agrix.model.entity.Crop["farm"]->com.betrybe.agrix.model.entity.Farm["crops"]->org.hibernate.collection.spi.PersistentBag[0]->com.betrybe.agrix.model.entity.Crop["farm"]->com.betrybe.agrix.model.entity.Farm["crops"]->org.hibernate.collection.spi.PersistentBag[0]->com.betrybe.agrix.model.entity.Crop["farm"]->com.betrybe.agrix.model.entity.Farm["crops"]->org.hibernate.collection.spi.PersistentBag[0]->com.betrybe.agrix.model.entity.Crop["farm"]->com.betrybe.agrix.model.entity.Farm["crops"]->org.hibernate.collection.spi.PersistentBag[0]->com.betrybe.agrix.model.entity.Crop["farm"]->com.betrybe.agrix.model.entity.Farm["crops"]->org.hibernate.collection.spi.PersistentBag[0]->com.betrybe.agrix.model.entity.Crop["farm"]->com.betrybe.agrix.model.entity.Farm["crops"]->org.hibernate.collection.spi.PersistentBag[0]->com.betrybe.agrix.model.entity.Crop["farm"]->com.betrybe.agrix.model.entity.Farm["crops"]->org.hibernate.collection.spi.PersistentBag[0]->com.betrybe.agrix.model.entity.Crop["farm"]->com.betrybe.agrix.model.entity.Farm["crops"]->org.hibernate.collection.spi.PersistentBag[0]->com.betrybe.agrix.model.entity.Crop["farm"]->com.betrybe.agrix.model.entity.Farm["crops"]->org.hibernate.collection.spi.PersistentBag[0]->com.betrybe.agrix.model.entity.Crop["farm"]->com.betrybe.agrix.model.entity.Farm["crops"]->org.hibernate.collection.spi.PersistentBag[0]->com.betrybe.agrix.model.entity.Crop["farm"]->com.betrybe.agrix.model.entity.Farm["crops"]->org.hibernate.collection.spi.PersistentBag[0]->com.betrybe.agrix.model.entity.Crop["farm"]->com.betrybe.agrix.model.entity.Farm["crops"]->org.hibernate.collection.spi.PersistentBag[0]->com.betrybe.agrix.model.entity.Crop["farm"]->com.betrybe.agrix.model.entity.Farm["crops"]->org.hibernate.collection.spi.PersistentBag[0]->com.betrybe.agrix.model.entity.Crop["farm"]->com.betrybe.agrix.model.entity.Farm["crops"]->org.hibernate.collection.spi.PersistentBag[0]->com.betrybe.agrix.model.entity.Crop["farm"]->com.betrybe.agrix.model.entity.Farm["crops"]->org.hibernate.collection.spi.PersistentBag[0]->com.betrybe.agrix.model.entity.Crop["farm"]->com.betrybe.agrix.model.entity.Farm["crops"]->org.hibernate.collection.spi.PersistentBag[0]->com.betrybe.agrix.model.entity.Crop["farm"]->com.betrybe.agrix.model.entity.Farm["crops"]->org.hibernate.collection.spi.PersistentBag[0]->com.betrybe.agrix.model.entity.Crop["farm"]->com.betrybe.agrix.model.entity.Farm["crops"]->org.hibernate.collection.spi.PersistentBag[0]->com.betrybe.agrix.model.entity.Crop["farm"]->com.betrybe.agrix.model.entity.Farm["crops"]->org.hibernate.collection.spi.PersistentBag[0]->com.betrybe.agrix.model.entity.Crop["farm"]->com.betrybe.agrix.model.entity.Farm["crops"]->org.hibernate.collection.spi.PersistentBag[0]->com.betrybe.agrix.model.entity.Crop["farm"]->com.betrybe.agrix.model.entity.Farm["crops"]->org.hibernate.collection.spi.PersistentBag[0]->com.betrybe.agrix.model.entity.Crop["farm"]->com.betrybe.agrix.model.entity.Farm["crops"]->org.hibernate.collection.spi.PersistentBag[0]->com.betrybe.agrix.model.entity.Crop["farm"]->com.betrybe.agrix.model.entity.Farm["crops"]->org.hibernate.collection.spi.PersistentBag[0]->com.betrybe.agrix.model.entity.Crop["farm"]->com.betrybe.agrix.model.entity.Farm["crops"]->org.hibernate.collection.spi.PersistentBag[0]->com.betrybe.agrix.model.entity.Crop["farm"]->com.betrybe.agrix.model.entity.Farm["crops"]->org.hibernate.collection.spi.PersistentBag[0]->com.betrybe.agrix.model.entity.Crop["farm"]->com.betrybe.agrix.model.entity.Farm["crops"]->org.hibernate.collection.spi.PersistentBag[0]->com.betrybe.agrix.model.entity.Crop["farm"]->com.betrybe.agrix.model.entity.Farm["crops"]->org.hibernate.collection.spi.PersistentBag[0]->com.betrybe.agrix.model.entity.Crop["farm"]->com.betrybe.agrix.model.entity.Farm["crops"]->org.hibernate.collection.spi.PersistentBag[0]->com.betrybe.agrix.model.entity.Crop["farm"]->com.betrybe.agrix.model.entity.Farm["crops"]->org.hibernate.collection.spi.PersistentBag[0]->com.betrybe.agrix.model.entity.Crop["farm"]->com.betrybe.agrix.model.entity.Farm["crops"]->org.hibernate.collection.spi.PersistentBag[0]->com.betrybe.agrix.model.entity.Crop["farm"]->com.betrybe.agrix.model.entity.Farm["crops"]->org.hibernate.collection.spi.PersistentBag[0]->com.betrybe.agrix.model.entity.Crop["farm"]->com.betrybe.agrix.model.entity.Farm["crops"]->org.hibernate.collection.spi.PersistentBag[0]->com.betrybe.agrix.model.entity.Crop["farm"]->com.betrybe.agrix.model.entity.Farm["crops"]->org.hibernate.collection.spi.PersistentBag[0]->com.betrybe.agrix.model.entity.Crop["farm"]->com.betrybe.agrix.model.entity.Farm["crops"]->org.hibernate.collection.spi.PersistentBag[0]->com.betrybe.agrix.model.entity.Crop["farm"]->com.betrybe.agrix.model.entity.Farm["crops"]->org.hibernate.collection.spi.PersistentBag[0]->com.betrybe.agrix.model.entity.Crop["farm"]->com.betrybe.agrix.model.entity.Farm["crops"]->org.hibernate.collection.spi.PersistentBag[0]->com.betrybe.agrix.model.entity.Crop["farm"]->com.betrybe.agrix.model.entity.Farm["crops"]->org.hibernate.collection.spi.PersistentBag[0]->com.betrybe.agrix.model.entity.Crop["farm"]->com.betrybe.agrix.model.entity.Farm["crops"]->org.hibernate.collection.spi.PersistentBag[0]->com.betrybe.agrix.model.entity.Crop["farm"]->com.betrybe.agrix.model.entity.Farm["crops"]->org.hibernate.collection.spi.PersistentBag[0]->com.betrybe.agrix.model.entity.Crop["farm"]->com.betrybe.agrix.model.entity.Farm["crops"]->org.hibernate.collection.spi.PersistentBag[0]->com.betrybe.agrix.model.entity.Crop["farm"]->com.betrybe.agrix.model.entity.Farm["crops"]->org.hibernate.collection.spi.PersistentBag[0]->com.betrybe.agrix.model.entity.Crop["farm"]->com.betrybe.agrix.model.entity.Farm["crops"]->org.hibernate.collection.spi.PersistentBag[0]->com.betrybe.agrix.model.entity.Crop["farm"]->com.betrybe.agrix.model.entity.Farm["crops"]->org.hibernate.collection.spi.PersistentBag[0]->com.betrybe.agrix.model.entity.Crop["farm"]->com.betrybe.agrix.model.entity.Farm["crops"]->org.hibernate.collection.spi.PersistentBag[0]->com.betrybe.agrix.model.entity.Crop["farm"]->com.betrybe.agrix.model.entity.Farm["crops"]->org.hibernate.collection.spi.PersistentBag[0]->com.betrybe.agrix.model.entity.Crop["farm"]->com.betrybe.agrix.model.entity.Farm["crops"]->org.hibernate.collection.spi.PersistentBag[0]->com.betrybe.agrix.model.entity.Crop["farm"]->com.betrybe.agrix.model.entity.Farm["crops"]->org.hibernate.collection.spi.PersistentBag[0]->com.betrybe.agrix.model.entity.Crop["farm"]->com.betrybe.agrix.model.entity.Farm["crops"]->org.hibernate.collection.spi.PersistentBag[0]->com.betrybe.agrix.model.entity.Crop["farm"]->com.betrybe.agrix.model.entity.Farm["crops"]->org.hibernate.collection.spi.PersistentBag[0]->com.betrybe.agrix.model.entity.Crop["farm"]->com.betrybe.agrix.model.entity.Farm["crops"]->org.hibernate.collection.spi.PersistentBag[0]->com.betrybe.agrix.model.entity.Crop["farm"]->com.betrybe.agrix.model.entity.Farm["crops"]->org.hibernate.collection.spi.PersistentBag[0]->com.betrybe.agrix.model.entity.Crop["farm"]->com.betrybe.agrix.model.entity.Farm["crops"]->org.hibernate.collection.spi.PersistentBag[0]->com.betrybe.agrix.model.entity.Crop["farm"]->com.betrybe.agrix.model.entity.Farm["crops"]->org.hibernate.collection.spi.PersistentBag[0]->com.betrybe.agrix.model.entity.Crop["farm"]->com.betrybe.agrix.model.entity.Farm["crops"]->org.hibernate.collection.spi.PersistentBag[0]->com.betrybe.agrix.model.entity.Crop["farm"]->com.betrybe.agrix.model.entity.Farm["crops"]->org.hibernate.collection.spi.PersistentBag[0]->com.betrybe.agrix.model.entity.Crop["farm"]->com.betrybe.agrix.model.entity.Farm["crops"]->org.hibernate.collection.spi.PersistentBag[0]->com.betrybe.agrix.model.entity.Crop["farm"]->com.betrybe.agrix.model.entity.Farm["crops"]->org.hibernate.collection.spi.PersistentBag[0]->com.betrybe.agrix.model.entity.Crop["farm"]->com.betrybe.agrix.model.entity.Farm["crops"]->org.hibernate.collection.spi.PersistentBag[0]->com.betrybe.agrix.model.entity.Crop["farm"]->com.betrybe.agrix.model.entity.Farm["crops"]->org.hibernate.collection.spi.PersistentBag[0]->com.betrybe.agrix.model.entity.Crop["farm"]->com.betrybe.agrix.model.entity.Farm["crops"]->org.hibernate.collection.spi.PersistentBag[0]->com.betrybe.agrix.model.entity.Crop["farm"]->com.betrybe.agrix.model.entity.Farm["crops"]->org.hibernate.collection.spi.PersistentBag[0]->com.betrybe.agrix.model.entity.Crop["farm"]->com.betrybe.agrix.model.entity.Farm["crops"]->org.hibernate.collection.spi.PersistentBag[0]->com.betrybe.agrix.model.entity.Crop["farm"]->com.betrybe.agrix.model.entity.Farm["crops"]->org.hibernate.collection.spi.PersistentBag[0]->com.betrybe.agrix.model.entity.Crop["farm"]->com.betrybe.agrix.model.entity.Farm["crops"]->org.hibernate.collection.spi.PersistentBag[0]->com.betrybe.agrix.model.entity.Crop["farm"]->com.betrybe.agrix.model.entity.Farm["crops"]->org.hibernate.collection.spi.PersistentBag[0]->com.betrybe.agrix.model.entity.Crop["farm"]->com.betrybe.agrix.model.entity.Farm["crops"]->org.hibernate.collection.spi.PersistentBag[0]->com.betrybe.agrix.model.entity.Crop["farm"]->com.betrybe.agrix.model.entity.Farm["crops"]->org.hibernate.collection.spi.PersistentBag[0]->com.betrybe.agrix.model.entity.Crop["farm"]->com.betrybe.agrix.model.entity.Farm["crops"]->org.hibernate.collection.spi.PersistentBag[0]->com.betrybe.agrix.model.entity.Crop["farm"]->com.betrybe.agrix.model.entity.Farm["crops"]->org.hibernate.collection.spi.PersistentBag[0]->com.betrybe.agrix.model.entity.Crop["farm"]->com.betrybe.agrix.model.entity.Farm["crops"]->org.hibernate.collection.spi.PersistentBag[0]->com.betrybe.agrix.model.entity.Crop["farm"]->com.betrybe.agrix.model.entity.Farm["crops"]->org.hibernate.collection.spi.PersistentBag[0]->com.betrybe.agrix.model.entity.Crop["farm"]->com.betrybe.agrix.model.entity.Farm["crops"]->org.hibernate.collection.spi.PersistentBag[0]->com.betrybe.agrix.model.entity.Crop["farm"]->com.betrybe.agrix.model.entity.Farm["crops"]->org.hibernate.collection.spi.PersistentBag[0]->com.betrybe.agrix.model.entity.Crop["farm"]->com.betrybe.agrix.model.entity.Farm["crops"]->org.hibernate.collection.spi.PersistentBag[0]->com.betrybe.agrix.model.entity.Crop["farm"]->com.betrybe.agrix.model.entity.Farm["crops"]->org.hibernate.collection.spi.PersistentBag[0]->com.betrybe.agrix.model.entity.Crop["farm"]->com.betrybe.agrix.model.entity.Farm["crops"]->org.hibernate.collection.spi.PersistentBag[0]->com.betrybe.agrix.model.entity.Crop["farm"]->com.betrybe.agrix.model.entity.Farm["crops"]->org.hibernate.collection.spi.PersistentBag[0]->com.betrybe.agrix.model.entity.Crop["farm"]->com.betrybe.agrix.model.entity.Farm["crops"]->org.hibernate.collection.spi.PersistentBag[0]->com.betrybe.agrix.model.entity.Crop["farm"]->com.betrybe.agrix.model.entity.Farm["crops"]->org.hibernate.collection.spi.PersistentBag[0]->com.betrybe.agrix.model.entity.Crop["farm"]->com.betrybe.agrix.model.entity.Farm["crops"]->org.hibernate.collection.spi.PersistentBag[0]->com.betrybe.agrix.model.entity.Crop["farm"]->com.betrybe.agrix.model.entity.Farm["crops"]->org.hibernate.collection.spi.PersistentBag[0]->com.betrybe.agrix.model.entity.Crop["farm"]->com.betrybe.agrix.model.entity.Farm["crops"]->org.hibernate.collection.spi.PersistentBag[0]->com.betrybe.agrix.model.entity.Crop["farm"]->com.betrybe.agrix.model.entity.Farm["crops"]->org.hibernate.collection.spi.PersistentBag[0]->com.betrybe.agrix.model.entity.Crop["farm"]->com.betrybe.agrix.model.entity.Farm["crops"]->org.hibernate.collection.spi.PersistentBag[0]->com.betrybe.agrix.model.entity.Crop["farm"]->com.betrybe.agrix.model.entity.Farm["crops"]->org.hibernate.collection.spi.PersistentBag[0]->com.betrybe.agrix.model.entity.Crop["farm"]->com.betrybe.agrix.model.entity.Farm["crops"]->org.hibernate.collection.spi.PersistentBag[0]->com.betrybe.agrix.model.entity.Crop["farm"]->com.betrybe.agrix.model.entity.Farm["crops"]->org.hibernate.collection.spi.PersistentBag[0]->com.betrybe.agrix.model.entity.Crop["farm"]->com.betrybe.agrix.model.entity.Farm["crops"]->org.hibernate.collection.spi.PersistentBag[0]->com.betrybe.agrix.model.entity.Crop["farm"]->com.betrybe.agrix.model.entity.Farm["crops"]->org.hibernate.collection.spi.PersistentBag[0]->com.betrybe.agrix.model.entity.Crop["farm"]->com.betrybe.agrix.model.entity.Farm["crops"]->org.hibernate.collection.spi.PersistentBag[0]->com.betrybe.agrix.model.entity.Crop["farm"]->com.betrybe.agrix.model.entity.Farm["crops"]->org.hibernate.collection.spi.PersistentBag[0]->com.betrybe.agrix.model.entity.Crop["farm"]->com.betrybe.agrix.model.entity.Farm["crops"]->org.hibernate.collection.spi.PersistentBag[0]->com.betrybe.agrix.model.entity.Crop["farm"]->com.betrybe.agrix.model.entity.Farm["crops"]->org.hibernate.collection.spi.PersistentBag[0]->com.betrybe.agrix.model.entity.Crop["farm"]->com.betrybe.agrix.model.entity.Farm["crops"]->org.hibernate.collection.spi.PersistentBag[0]->com.betrybe.agrix.model.entity.Crop["farm"]->com.betrybe.agrix.model.entity.Farm["crops"]->org.hibernate.collection.spi.PersistentBag[0]->com.betrybe.agrix.model.entity.Crop["farm"]->com.betrybe.agrix.model.entity.Farm["crops"]->org.hibernate.collection.spi.PersistentBag[0]->com.betrybe.agrix.model.entity.Crop["farm"]->com.betrybe.agrix.model.entity.Farm["crops"]->org.hibernate.collection.spi.PersistentBag[0]->com.betrybe.agrix.model.entity.Crop["farm"]->com.betrybe.agrix.model.entity.Farm["crops"]->org.hibernate.collection.spi.PersistentBag[0]->com.betrybe.agrix.model.entity.Crop["farm"]->com.betrybe.agrix.model.entity.Farm["crops"]->org.hibernate.collection.spi.PersistentBag[0]->com.betrybe.agrix.model.entity.Crop["farm"]->com.betrybe.agrix.model.entity.Farm["crops"]->org.hibernate.collection.spi.PersistentBag[0]->com.betrybe.agrix.model.entity.Crop["farm"]->com.betrybe.agrix.model.entity.Farm["crops"]->org.hibernate.collection.spi.PersistentBag[0]->com.betrybe.agrix.model.entity.Crop["farm"]->com.betrybe.agrix.model.entity.Farm["crops"]->org.hibernate.collection.spi.PersistentBag[0]->com.betrybe.agrix.model.entity.Crop["farm"]->com.betrybe.agrix.model.entity.Farm["crops"]->org.hibernate.collection.spi.PersistentBag[0]->com.betrybe.agrix.model.entity.Crop["farm"]->com.betrybe.agrix.model.entity.Farm["crops"]->org.hibernate.collection.spi.PersistentBag[0]->com.betrybe.agrix.model.entity.Crop["farm"]->com.betrybe.agrix.model.entity.Farm["crops"]->org.hibernate.collection.spi.PersistentBag[0]->com.betrybe.agrix.model.entity.Crop["farm"]->com.betrybe.agrix.model.entity.Farm["crops"]->org.hibernate.collection.spi.PersistentBag[0]->com.betrybe.agrix.model.entity.Crop["farm"]->com.betrybe.agrix.model.entity.Farm["crops"]->org.hibernate.collection.spi.PersistentBag[0]->com.betrybe.agrix.model.entity.Crop["farm"]->com.betrybe.agrix.model.entity.Farm["crops"]->org.hibernate.collection.spi.PersistentBag[0]->com.betrybe.agrix.model.entity.Crop["farm"]->com.betrybe.agrix.model.entity.Farm["crops"]->org.hibernate.collection.spi.PersistentBag[0]->com.betrybe.agrix.model.entity.Crop["farm"]->com.betrybe.agrix.model.entity.Farm["crops"]->org.hibernate.collection.spi.PersistentBag[0]->com.betrybe.agrix.model.entity.Crop["farm"]->com.betrybe.agrix.model.entity.Farm["crops"]->org.hibernate.collection.spi.PersistentBag[0]->com.betrybe.agrix.model.entity.Crop["farm"]->com.betrybe.agrix.model.entity.Farm["crops"]->org.hibernate.collection.spi.PersistentBag[0]->com.betrybe.agrix.model.entity.Crop["farm"]->com.betrybe.agrix.model.entity.Farm["crops"]->org.hibernate.collection.spi.PersistentBag[0]->com.betrybe.agrix.model.entity.Crop["farm"]->com.betrybe.agrix.model.entity.Farm["crops"]->org.hibernate.collection.spi.PersistentBag[0]->com.betrybe.agrix.model.entity.Crop["farm"]->com.betrybe.agrix.model.entity.Farm["crops"]->org.hibernate.collection.spi.PersistentBag[0]->com.betrybe.agrix.model.entity.Crop["farm"]->com.betrybe.agrix.model.entity.Farm["crops"]->org.hibernate.collection.spi.PersistentBag[0]->com.betrybe.agrix.model.entity.Crop["farm"]->com.betrybe.agrix.model.entity.Farm["crops"]->org.hibernate.collection.spi.PersistentBag[0]->com.betrybe.agrix.model.entity.Crop["farm"]->com.betrybe.agrix.model.entity.Farm["crops"]->org.hibernate.collection.spi.PersistentBag[0]->com.betrybe.agrix.model.entity.Crop["farm"]->com.betrybe.agrix.model.entity.Farm["crops"]->org.hibernate.collection.spi.PersistentBag[0]->com.betrybe.agrix.model.entity.Crop["farm"]->com.betrybe.agrix.model.entity.Farm["crops"]->org.hibernate.collection.spi.PersistentBag[0]->com.betrybe.agrix.model.entity.Crop["farm"]->com.betrybe.agrix.model.entity.Farm["crops"]->org.hibernate.collection.spi.PersistentBag[0]->com.betrybe.agrix.model.entity.Crop["farm"]->com.betrybe.agrix.model.entity.Farm["crops"]->org.hibernate.collection.spi.PersistentBag[0]->com.betrybe.agrix.model.entity.Crop["farm"]->com.betrybe.agrix.model.entity.Farm["crops"]->org.hibernate.collection.spi.PersistentBag[0]->com.betrybe.agrix.model.entity.Crop["farm"]->com.betrybe.agrix.model.entity.Farm["crops"]->org.hibernate.collection.spi.PersistentBag[0]->com.betrybe.agrix.model.entity.Crop["farm"]->com.betrybe.agrix.model.entity.Farm["crops"]->org.hibernate.collection.spi.PersistentBag[0]->com.betrybe.agrix.model.entity.Crop["farm"]->com.betrybe.agrix.model.entity.Farm["crops"]->org.hibernate.collection.spi.PersistentBag[0]->com.betrybe.agrix.model.entity.Crop["farm"]->com.betrybe.agrix.model.entity.Farm["crops"]->org.hibernate.collection.spi.PersistentBag[0]->com.betrybe.agrix.model.entity.Crop["farm"]->com.betrybe.agrix.model.entity.Farm["crops"]->org.hibernate.collection.spi.PersistentBag[0]->com.betrybe.agrix.model.entity.Crop["farm"]->com.betrybe.agrix.model.entity.Farm["crops"]->org.hibernate.collection.spi.PersistentBag[0]->com.betrybe.agrix.model.entity.Crop["farm"]->com.betrybe.agrix.model.entity.Farm["crops"]->org.hibernate.collection.spi.PersistentBag[0]->com.betrybe.agrix.model.entity.Crop["farm"]->com.betrybe.agrix.model.entity.Farm["crops"]->org.hibernate.collection.spi.PersistentBag[0]->com.betrybe.agrix.model.entity.Crop["farm"]->com.betrybe.agrix.model.entity.Farm["crops"]->org.hibernate.collection.spi.PersistentBag[0]->com.betrybe.agrix.model.entity.Crop["farm"]->com.betrybe.agrix.model.entity.Farm["crops"]->org.hibernate.collection.spi.PersistentBag[0]->com.betrybe.agrix.model.entity.Crop["farm"]->com.betrybe.agrix.model.entity.Farm["crops"]->org.hibernate.collection.spi.PersistentBag[0]->com.betrybe.agrix.model.entity.Crop["farm"]->com.betrybe.agrix.model.entity.Farm["crops"]->org.hibernate.collection.spi.PersistentBag[0]->com.betrybe.agrix.model.entity.Crop["farm"]->com.betrybe.agrix.model.entity.Farm["crops"]->org.hibernate.collection.spi.PersistentBag[0]->com.betrybe.agrix.model.entity.Crop["farm"]->com.betrybe.agrix.model.entity.Farm["crops"]->org.hibernate.collection.spi.PersistentBag[0]->com.betrybe.agrix.model.entity.Crop["farm"]->com.betrybe.agrix.model.entity.Farm["crops"]->org.hibernate.collection.spi.PersistentBag[0]->com.betrybe.agrix.model.entity.Crop["farm"]->com.betrybe.agrix.model.entity.Farm["crops"]->org.hibernate.collection.spi.PersistentBag[0]->com.betrybe.agrix.model.entity.Crop["farm"]->com.betrybe.agrix.model.entity.Farm["crops"]->org.hibernate.collection.spi.PersistentBag[0]->com.betrybe.agrix.model.entity.Crop["farm"]->com.betrybe.agrix.model.entity.Farm["crops"]->org.hibernate.collection.spi.PersistentBag[0]->com.betrybe.agrix.model.entity.Crop["farm"]->com.betrybe.agrix.model.entity.Farm["crops"]->org.hibernate.collection.spi.PersistentBag[0]->com.betrybe.agrix.model.entity.Crop["farm"]->com.betrybe.agrix.model.entity.Farm["crops"]->org.hibernate.collection.spi.PersistentBag[0]->com.betrybe.agrix.model.entity.Crop["farm"]->com.betrybe.agrix.model.entity.Farm["crops"]->org.hibernate.collection.spi.PersistentBag[0]->com.betrybe.agrix.model.entity.Crop["farm"]->com.betrybe.agrix.model.entity.Farm["crops"]->org.hibernate.collection.spi.PersistentBag[0]->com.betrybe.agrix.model.entity.Crop["farm"]->com.betrybe.agrix.model.entity.Farm["crops"]->org.hibernate.collection.spi.PersistentBag[0]->com.betrybe.agrix.model.entity.Crop["farm"]->com.betrybe.agrix.model.entity.Farm["crops"]->org.hibernate.collection.spi.PersistentBag[0]->com.betrybe.agrix.model.entity.Crop["farm"]->com.betrybe.agrix.model.entity.Farm["crops"]->org.hibernate.collection.spi.PersistentBag[0]->com.betrybe.agrix.model.entity.Crop["farm"]->com.betrybe.agrix.model.entity.Farm["crops"]->org.hibernate.collection.spi.PersistentBag[0]->com.betrybe.agrix.model.entity.Crop["farm"]->com.betrybe.agrix.model.entity.Farm["crops"]->org.hibernate.collection.spi.PersistentBag[0]->com.betrybe.agrix.model.entity.Crop["farm"]->com.betrybe.agrix.model.entity.Farm["crops"]->org.hibernate.collection.spi.PersistentBag[0]->com.betrybe.agrix.model.entity.Crop["farm"]->com.betrybe.agrix.model.entity.Farm["crops"]->org.hibernate.collection.spi.PersistentBag[0]->com.betrybe.agrix.model.entity.Crop["farm"]->com.betrybe.agrix.model.entity.Farm["crops"]->org.hibernate.collection.spi.PersistentBag[0]->com.betrybe.agrix.model.entity.Crop["farm"]->com.betrybe.agrix.model.entity.Farm["crops"]->org.hibernate.collection.spi.PersistentBag[0]->com.betrybe.agrix.model.entity.Crop["farm"]->com.betrybe.agrix.model.entity.Farm["crops"]->org.hibernate.collection.spi.PersistentBag[0]->com.betrybe.agrix.model.entity.Crop["farm"]->com.betrybe.agrix.model.entity.Farm["crops"]->org.hibernate.collection.spi.PersistentBag[0]->com.betrybe.agrix.model.entity.Crop["farm"]->com.betrybe.agrix.model.entity.Farm["crops"]->org.hibernate.collection.spi.PersistentBag[0]->com.betrybe.agrix.model.entity.Crop["farm"]->com.betrybe.agrix.model.entity.Farm["crops"]->org.hibernate.collection.spi.PersistentBag[0]->com.betrybe.agrix.model.entity.Crop["farm"]->com.betrybe.agrix.model.entity.Farm["crops"]->org.hibernate.collection.spi.PersistentBag[0]->com.betrybe.agrix.model.entity.Crop["farm"]->com.betrybe.agrix.model.entity.Farm["crops"]->org.hibernate.collection.spi.PersistentBag[0]->com.betrybe.agrix.model.entity.Crop["farm"]->com.betrybe.agrix.model.entity.Farm["crops"]->org.hibernate.collection.spi.PersistentBag[0]->com.betrybe.agrix.model.entity.Crop["farm"]->com.betrybe.agrix.model.entity.Farm["crops"]->org.hibernate.collection.spi.PersistentBag[0]->com.betrybe.agrix.model.entity.Crop["farm"]->com.betrybe.agrix.model.entity.Farm["crops"]->org.hibernate.collection.spi.PersistentBag[0]->com.betrybe.agrix.model.entity.Crop["farm"]->com.betrybe.agrix.model.entity.Farm["crops"]->org.hibernate.collection.spi.PersistentBag[0]->com.betrybe.agrix.model.entity.Crop["farm"]->com.betrybe.agrix.model.entity.Farm["crops"]->org.hibernate.collection.spi.PersistentBag[0]->com.betrybe.agrix.model.entity.Crop["farm"]->com.betrybe.agrix.model.entity.Farm["crops"]->org.hibernate.collection.spi.PersistentBag[0]->com.betrybe.agrix.model.entity.Crop["farm"]->com.betrybe.agrix.model.entity.Farm["crops"]->org.hibernate.collection.spi.PersistentBag[0]->com.betrybe.agrix.model.entity.Crop["farm"]->com.betrybe.agrix.model.entity.Farm["crops"]->org.hibernate.collection.spi.PersistentBag[0]->com.betrybe.agrix.model.entity.Crop["farm"]->com.betrybe.agrix.model.entity.Farm["crops"]->org.hibernate.collection.spi.PersistentBag[0]->com.betrybe.agrix.model.entity.Crop["farm"]->com.betrybe.agrix.model.entity.Farm["crops"]->org.hibernate.collection.spi.PersistentBag[0]->com.betrybe.agrix.model.entity.Crop["farm"]->com.betrybe.agrix.model.entity.Farm["crops"]->org.hibernate.collection.spi.PersistentBag[0]->com.betrybe.agrix.model.entity.Crop["farm"]->com.betrybe.agrix.model.entity.Farm["crops"]->org.hibernate.collection.spi.PersistentBag[0]->com.betrybe.agrix.model.entity.Crop["farm"]->com.betrybe.agrix.model.entity.Farm["crops"]->org.hibernate.collection.spi.PersistentBag[0]->com.betrybe.agrix.model.entity.Crop["farm"]->com.betrybe.agrix.model.entity.Farm["crops"]->org.hibernate.collection.spi.PersistentBag[0]->com.betrybe.agrix.model.entity.Crop["farm"]->com.betrybe.agrix.model.entity.Farm["crops"]->org.hibernate.collection.spi.PersistentBag[0]->com.betrybe.agrix.model.entity.Crop["farm"]->com.betrybe.agrix.model.entity.Farm["crops"]->org.hibernate.collection.spi.PersistentBag[0]->com.betrybe.agrix.model.entity.Crop["farm"]->com.betrybe.agrix.model.entity.Farm["crops"]->org.hibernate.collection.spi.PersistentBag[0]->com.betrybe.agrix.model.entity.Crop["farm"]->com.betrybe.agrix.model.entity.Farm["crops"]->org.hibernate.collection.spi.PersistentBag[0]->com.betrybe.agrix.model.entity.Crop["farm"]->com.betrybe.agrix.model.entity.Farm["crops"]->org.hibernate.collection.spi.PersistentBag[0]->com.betrybe.agrix.model.entity.Crop["farm"]->com.betrybe.agrix.model.entity.Farm["crops"]->org.hibernate.collection.spi.PersistentBag[0]->com.betrybe.agrix.model.entity.Crop["farm"]->com.betrybe.agrix.model.entity.Farm["crops"]->org.hibernate.collection.spi.PersistentBag[0]->com.betrybe.agrix.model.entity.Crop["farm"]->com.betrybe.agrix.model.entity.Farm["crops"]->o
[...]
betrybe.agrix.model.entity.Crop["farm"]->com.betrybe.agrix.model.entity.Farm["crops"]->org.hibernate.collection.spi.PersistentBag[0]->com.betrybe.agrix.model.entity.Crop["farm"]->com.betrybe.agrix.model.entity.Farm["crops"]->org.hibernate.collection.spi.PersistentBag[0]->com.betrybe.agrix.model.entity.Crop["farm"]->com.betrybe.agrix.model.entity.Farm["crops"]->org.hibernate.collection.spi.PersistentBag[0]->com.betrybe.agrix.model.entity.Crop["farm"]->com.betrybe.agrix.model.entity.Farm["crops"]->org.hibernate.collection.spi.PersistentBag[0]->com.betrybe.agrix.model.entity.Crop["farm"]->com.betrybe.agrix.model.entity.Farm["crops"]->org.hibernate.collection.spi.PersistentBag[0]->com.betrybe.agrix.model.entity.Crop["farm"]->com.betrybe.agrix.model.entity.Farm["crops"]->org.hibernate.collection.spi.PersistentBag[0]->com.betrybe.agrix.model.entity.Crop["farm"]->com.betrybe.agrix.model.entity.Farm["crops"]->org.hibernate.collection.spi.PersistentBag[0]->com.betrybe.agrix.model.entity.Crop["farm"]->com.betrybe.agrix.model.entity.Farm["crops"]->org.hibernate.collection.spi.PersistentBag[0]->com.betrybe.agrix.model.entity.Crop["farm"]->com.betrybe.agrix.model.entity.Farm["crops"]->org.hibernate.collection.spi.PersistentBag[0]->com.betrybe.agrix.model.entity.Crop["farm"]->com.betrybe.agrix.model.entity.Farm["crops"]->org.hibernate.collection.spi.PersistentBag[0]->com.betrybe.agrix.model.entity.Crop["farm"]->com.betrybe.agrix.model.entity.Farm["crops"]->org.hibernate.collection.spi.PersistentBag[0]->com.betrybe.agrix.model.entity.Crop["farm"]->com.betrybe.agrix.model.entity.Farm["crops"]->org.hibernate.collection.spi.PersistentBag[0]->com.betrybe.agrix.model.entity.Crop["farm"]->com.betrybe.agrix.model.entity.Farm["crops"]->org.hibernate.collection.spi.PersistentBag[0]->com.betrybe.agrix.model.entity.Crop["farm"]->com.betrybe.agrix.model.entity.Farm["crops"]->org.hibernate.collection.spi.PersistentBag[0]->com.betrybe.agrix.model.entity.Crop["farm"]->com.betrybe.agrix.model.entity.Farm["crops"]->org.hibernate.collection.spi.PersistentBag[0]->com.betrybe.agrix.model.entity.Crop["farm"]->com.betrybe.agrix.model.entity.Farm["crops"]->org.hibernate.collection.spi.PersistentBag[0]->com.betrybe.agrix.model.entity.Crop["farm"]->com.betrybe.agrix.model.entity.Farm["crops"]->org.hibernate.collection.spi.PersistentBag[0]->com.betrybe.agrix.model.entity.Crop["farm"]->com.betrybe.agrix.model.entity.Farm["crops"]->org.hibernate.collection.spi.PersistentBag[0]->com.betrybe.agrix.model.entity.Crop["farm"]->com.betrybe.agrix.model.entity.Farm["crops"]->org.hibernate.collection.spi.PersistentBag[0]->com.betrybe.agrix.model.entity.Crop["farm"]->com.betrybe.agrix.model.entity.Farm["crops"]->org.hibernate.collection.spi.PersistentBag[0]->com.betrybe.agrix.model.entity.Crop["farm"]->com.betrybe.agrix.model.entity.Farm["crops"]->org.hibernate.collection.spi.PersistentBag[0]->com.betrybe.agrix.model.entity.Crop["farm"]->com.betrybe.agrix.model.entity.Farm["crops"]->org.hibernate.collection.spi.PersistentBag[0]->com.betrybe.agrix.model.entity.Crop["farm"]->com.betrybe.agrix.model.entity.Farm["crops"]->org.hibernate.collection.spi.PersistentBag[0]->com.betrybe.agrix.model.entity.Crop["farm"]->com.betrybe.agrix.model.entity.Farm["crops"]->org.hibernate.collection.spi.PersistentBag[0]->com.betrybe.agrix.model.entity.Crop["farm"]->com.betrybe.agrix.model.entity.Farm["crops"]->org.hibernate.collection.spi.PersistentBag[0]->com.betrybe.agrix.model.entity.Crop["farm"]->com.betrybe.agrix.model.entity.Farm["crops"]->org.hibernate.collection.spi.PersistentBag[0]->com.betrybe.agrix.model.entity.Crop["farm"]->com.betrybe.agrix.model.entity.Farm["crops"]->org.hibernate.collection.spi.PersistentBag[0]->com.betrybe.agrix.model.entity.Crop["farm"]->com.betrybe.agrix.model.entity.Farm["crops"]->org.hibernate.collection.spi.PersistentBag[0]->com.betrybe.agrix.model.entity.Crop["farm"]->com.betrybe.agrix.model.entity.Farm["crops"]->org.hibernate.collection.spi.PersistentBag[0]->com.betrybe.agrix.model.entity.Crop["farm"]->com.betrybe.agrix.model.entity.Farm["crops"]->org.hibernate.collection.spi.PersistentBag[0]->com.betrybe.agrix.model.entity.Crop["farm"]->com.betrybe.agrix.model.entity.Farm["crops"]->org.hibernate.collection.spi.PersistentBag[0]->com.betrybe.agrix.model.entity.Crop["farm"]->com.betrybe.agrix.model.entity.Farm["crops"]->org.hibernate.collection.spi.PersistentBag[0]->com.betrybe.agrix.model.entity.Crop["farm"]->com.betrybe.agrix.model.entity.Farm["crops"]->org.hibernate.collection.spi.PersistentBag[0]->com.betrybe.agrix.model.entity.Crop["farm"]->com.betrybe.agrix.model.entity.Farm["crops"]->org.hibernate.collection.spi.PersistentBag[0]->com.betrybe.agrix.model.entity.Crop["farm"]->com.betrybe.agrix.model.entity.Farm["crops"]->org.hibernate.collection.spi.PersistentBag[0]->com.betrybe.agrix.model.entity.Crop["farm"]->com.betrybe.agrix.model.entity.Farm["crops"]->org.hibernate.collection.spi.PersistentBag[0]->com.betrybe.agrix.model.entity.Crop["farm"]->com.betrybe.agrix.model.entity.Farm["crops"]->org.hibernate.collection.spi.PersistentBag[0]->com.betrybe.agrix.model.entity.Crop["farm"]->com.betrybe.agrix.model.entity.Farm["crops"]->org.hibernate.collection.spi.PersistentBag[0]->com.betrybe.agrix.model.entity.Crop["farm"]->com.betrybe.agrix.model.entity.Farm["crops"]->org.hibernate.collection.spi.PersistentBag[0]->com.betrybe.agrix.model.entity.Crop["farm"]->com.betrybe.agrix.model.entity.Farm["crops"]->org.hibernate.collection.spi.PersistentBag[0]->com.betrybe.agrix.model.entity.Crop["farm"]->com.betrybe.agrix.model.entity.Farm["crops"]->org.hibernate.collection.spi.PersistentBag[0]->com.betrybe.agrix.model.entity.Crop["farm"]->com.betrybe.agrix.model.entity.Farm["crops"]->org.hibernate.collection.spi.PersistentBag[0]->com.betrybe.agrix.model.entity.Crop["farm"]->com.betrybe.agrix.model.entity.Farm["crops"]->org.hibernate.collection.spi.PersistentBag[0]->com.betrybe.agrix.model.entity.Crop["farm"]->com.betrybe.agrix.model.entity.Farm["crops"]->org.hibernate.collection.spi.PersistentBag[0]->com.betrybe.agrix.model.entity.Crop["farm"]->com.betrybe.agrix.model.entity.Farm["crops"]->org.hibernate.collection.spi.PersistentBag[0]->com.betrybe.agrix.model.entity.Crop["farm"]->com.betrybe.agrix.model.entity.Farm["crops"]->org.hibernate.collection.spi.PersistentBag[0]->com.betrybe.agrix.model.entity.Crop["farm"]->com.betrybe.agrix.model.entity.Farm["crops"]->org.hibernate.collection.spi.PersistentBag[0]->com.betrybe.agrix.model.entity.Crop["farm"]->com.betrybe.agrix.model.entity.Farm["crops"]->org.hibernate.collection.spi.PersistentBag[0]->com.betrybe.agrix.model.entity.Crop["farm"]->com.betrybe.agrix.model.entity.Farm["crops"]->org.hibernate.collection.spi.PersistentBag[0]->com.betrybe.agrix.model.entity.Crop["farm"]->com.betrybe.agrix.model.entity.Farm["crops"]->org.hibernate.collection.spi.PersistentBag[0]->com.betrybe.agrix.model.entity.Crop["farm"]->com.betrybe.agrix.model.entity.Farm["crops"]->org.hibernate.collection.spi.PersistentBag[0]->com.betrybe.agrix.model.entity.Crop["farm"]->com.betrybe.agrix.model.entity.Farm["crops"]->org.hibernate.collection.spi.PersistentBag[0]->com.betrybe.agrix.model.entity.Crop["farm"]->com.betrybe.agrix.model.entity.Farm["crops"]->org.hibernate.collection.spi.PersistentBag[0]->com.betrybe.agrix.model.entity.Crop["farm"]->com.betrybe.agrix.model.entity.Farm["crops"]->org.hibernate.collection.spi.PersistentBag[0]->com.betrybe.agrix.model.entity.Crop["farm"]->com.betrybe.agrix.model.entity.Farm["crops"]->org.hibernate.collection.spi.PersistentBag[0]->com.betrybe.agrix.model.entity.Crop["farm"]->com.betrybe.agrix.model.entity.Farm["crops"]->org.hibernate.collection.spi.PersistentBag[0]->com.betrybe.agrix.model.entity.Crop["farm"]->com.betrybe.agrix.model.entity.Farm["crops"]->org.hibernate.collection.spi.PersistentBag[0]->com.betrybe.agrix.model.entity.Crop["farm"]->com.betrybe.agrix.model.entity.Farm["crops"]->org.hibernate.collection.spi.PersistentBag[0]->com.betrybe.agrix.model.entity.Crop["farm"]->com.betrybe.agrix.model.entity.Farm["crops"]->org.hibernate.collection.spi.PersistentBag[0]->com.betrybe.agrix.model.entity.Crop["farm"]->com.betrybe.agrix.model.entity.Farm["crops"]->org.hibernate.collection.spi.PersistentBag[0]->com.betrybe.agrix.model.entity.Crop["farm"]->com.betrybe.agrix.model.entity.Farm["crops"]->org.hibernate.collection.spi.PersistentBag[0]->com.betrybe.agrix.model.entity.Crop["farm"]->com.betrybe.agrix.model.entity.Farm["crops"]->org.hibernate.collection.spi.PersistentBag[0]->com.betrybe.agrix.model.entity.Crop["farm"]->com.betrybe.agrix.model.entity.Farm["crops"]->org.hibernate.collection.spi.PersistentBag[0]->com.betrybe.agrix.model.entity.Crop["farm"]->com.betrybe.agrix.model.entity.Farm["crops"]->org.hibernate.collection.spi.PersistentBag[0]->com.betrybe.agrix.model.entity.Crop["farm"]->com.betrybe.agrix.model.entity.Farm["crops"]->org.hibernate.collection.spi.PersistentBag[0]->com.betrybe.agrix.model.entity.Crop["farm"]->com.betrybe.agrix.model.entity.Farm["crops"]->org.hibernate.collection.spi.PersistentBag[0]->com.betrybe.agrix.model.entity.Crop["farm"]->com.betrybe.agrix.model.entity.Farm["crops"]->org.hibernate.collection.spi.PersistentBag[0]->com.betrybe.agrix.model.entity.Crop["farm"]->com.betrybe.agrix.model.entity.Farm["crops"]->org.hibernate.collection.spi.PersistentBag[0]->com.betrybe.agrix.model.entity.Crop["farm"]->com.betrybe.agrix.model.entity.Farm["crops"]->org.hibernate.collection.spi.PersistentBag[0]->com.betrybe.agrix.model.entity.Crop["farm"]->com.betrybe.agrix.model.entity.Farm["crops"]->org.hibernate.collection.spi.PersistentBag[0]->com.betrybe.agrix.model.entity.Crop["farm"]->com.betrybe.agrix.model.entity.Farm["crops"]->org.hibernate.collection.spi.PersistentBag[0]->com.betrybe.agrix.model.entity.Crop["farm"]->com.betrybe.agrix.model.entity.Farm["crops"]->org.hibernate.collection.spi.PersistentBag[0]->com.betrybe.agrix.model.entity.Crop["farm"]->com.betrybe.agrix.model.entity.Farm["crops"]->org.hibernate.collection.spi.PersistentBag[0]->com.betrybe.agrix.model.entity.Crop["farm"]->com.betrybe.agrix.model.entity.Farm["crops"]->org.hibernate.collection.spi.PersistentBag[0]->com.betrybe.agrix.model.entity.Crop["farm"]->com.betrybe.agrix.model.entity.Farm["crops"]->org.hibernate.collection.spi.PersistentBag[0]->com.betrybe.agrix.model.entity.Crop["farm"]->com.betrybe.agrix.model.entity.Farm["crops"]->org.hibernate.collection.spi.PersistentBag[0]->com.betrybe.agrix.model.entity.Crop["farm"]->com.betrybe.agrix.model.entity.Farm["crops"]->org.hibernate.collection.spi.PersistentBag[0]->com.betrybe.agrix.model.entity.Crop["farm"]->com.betrybe.agrix.model.entity.Farm["crops"]->org.hibernate.collection.spi.PersistentBag[0]->com.betrybe.agrix.model.entity.Crop["farm"]->com.betrybe.agrix.model.entity.Farm["crops"]->org.hibernate.collection.spi.PersistentBag[0]->com.betrybe.agrix.model.entity.Crop["farm"]->com.betrybe.agrix.model.entity.Farm["crops"]->org.hibernate.collection.spi.PersistentBag[0]->com.betrybe.agrix.model.entity.Crop["farm"]->com.betrybe.agrix.model.entity.Farm["crops"]->org.hibernate.collection.spi.PersistentBag[0]->com.betrybe.agrix.model.entity.Crop["farm"]->com.betrybe.agrix.model.entity.Farm["crops"]->org.hibernate.collection.spi.PersistentBag[0]->com.betrybe.agrix.model.entity.Crop["farm"]->com.betrybe.agrix.model.entity.Farm["crops"]->org.hibernate.collection.spi.PersistentBag[0]->com.betrybe.agrix.model.entity.Crop["farm"]->com.betrybe.agrix.model.entity.Farm["crops"]->org.hibernate.collection.spi.PersistentBag[0]->com.betrybe.agrix.model.entity.Crop["farm"]->com.betrybe.agrix.model.entity.Farm["crops"]->org.hibernate.collection.spi.PersistentBag[0]->com.betrybe.agrix.model.entity.Crop["farm"]->com.betrybe.agrix.model.entity.Farm["crops"]->org.hibernate.collection.spi.PersistentBag[0]->com.betrybe.agrix.model.entity.Crop["farm"]->com.betrybe.agrix.model.entity.Farm["crops"]->org.hibernate.collection.spi.PersistentBag[0]->com.betrybe.agrix.model.entity.Crop["farm"]->com.betrybe.agrix.model.entity.Farm["crops"]->org.hibernate.collection.spi.PersistentBag[0]->com.betrybe.agrix.model.entity.Crop["farm"]->com.betrybe.agrix.model.entity.Farm["crops"]->org.hibernate.collection.spi.PersistentBag[0]->com.betrybe.agrix.model.entity.Crop["farm"]->com.betrybe.agrix.model.entity.Farm["crops"]->org.hibernate.collection.spi.PersistentBag[0]->com.betrybe.agrix.model.entity.Crop["farm"]->com.betrybe.agrix.model.entity.Farm["crops"]->org.hibernate.collection.spi.PersistentBag[0]->com.betrybe.agrix.model.entity.Crop["farm"]->com.betrybe.agrix.model.entity.Farm["crops"]->org.hibernate.collection.spi.PersistentBag[0]->com.betrybe.agrix.model.entity.Crop["farm"]->com.betrybe.agrix.model.entity.Farm["crops"]->org.hibernate.collection.spi.PersistentBag[0]->com.betrybe.agrix.model.entity.Crop["farm"]->com.betrybe.agrix.model.entity.Farm["crops"]->org.hibernate.collection.spi.PersistentBag[0]->com.betrybe.agrix.model.entity.Crop["farm"]->com.betrybe.agrix.model.entity.Farm["crops"]->org.hibernate.collection.spi.PersistentBag[0]->com.betrybe.agrix.model.entity.Crop["farm"]->com.betrybe.agrix.model.entity.Farm["crops"]->org.hibernate.collection.spi.PersistentBag[0]->com.betrybe.agrix.model.entity.Crop["farm"]->com.betrybe.agrix.model.entity.Farm["crops"]->org.hibernate.collection.spi.PersistentBag[0]->com.betrybe.agrix.model.entity.Crop["farm"]->com.betrybe.agrix.model.entity.Farm["crops"]->org.hibernate.collection.spi.PersistentBag[0]->com.betrybe.agrix.model.entity.Crop["farm"]->com.betrybe.agrix.model.entity.Farm["crops"]->org.hibernate.collection.spi.PersistentBag[0]->com.betrybe.agrix.model.entity.Crop["farm"]->com.betrybe.agrix.model.entity.Farm["crops"]->org.hibernate.collection.spi.PersistentBag[0]->com.betrybe.agrix.model.entity.Crop["farm"]->com.betrybe.agrix.model.entity.Farm["crops"]->org.hibernate.collection.spi.PersistentBag[0]->com.betrybe.agrix.model.entity.Crop["farm"]->com.betrybe.agrix.model.entity.Farm["crops"]->org.hibernate.collection.spi.PersistentBag[0]->com.betrybe.agrix.model.entity.Crop["farm"]->com.betrybe.agrix.model.entity.Farm["crops"]->org.hibernate.collection.spi.PersistentBag[0]->com.betrybe.agrix.model.entity.Crop["farm"]->com.betrybe.agrix.model.entity.Farm["crops"]->org.hibernate.collection.spi.PersistentBag[0]->com.betrybe.agrix.model.entity.Crop["farm"]->com.betrybe.agrix.model.entity.Farm["crops"]->org.hibernate.collection.spi.PersistentBag[0]->com.betrybe.agrix.model.entity.Crop["farm"]->com.betrybe.agrix.model.entity.Farm["crops"]->org.hibernate.collection.spi.PersistentBag[0]->com.betrybe.agrix.model.entity.Crop["farm"]->com.betrybe.agrix.model.entity.Farm["crops"]->org.hibernate.collection.spi.PersistentBag[0]->com.betrybe.agrix.model.entity.Crop["farm"]->com.betrybe.agrix.model.entity.Farm["crops"]->org.hibernate.collection.spi.PersistentBag[0]->com.betrybe.agrix.model.entity.Crop["farm"]->com.betrybe.agrix.model.entity.Farm["crops"]->org.hibernate.collection.spi.PersistentBag[0]->com.betrybe.agrix.model.entity.Crop["farm"]->com.betrybe.agrix.model.entity.Farm["crops"]->org.hibernate.collection.spi.PersistentBag[0]->com.betrybe.agrix.model.entity.Crop["farm"]->com.betrybe.agrix.model.entity.Farm["crops"]->org.hibernate.collection.spi.PersistentBag[0]->com.betrybe.agrix.model.entity.Crop["farm"]->com.betrybe.agrix.model.entity.Farm["crops"]->org.hibernate.collection.spi.PersistentBag[0]->com.betrybe.agrix.model.entity.Crop["farm"]->com.betrybe.agrix.model.entity.Farm["crops"]->org.hibernate.collection.spi.PersistentBag[0]->com.betrybe.agrix.model.entity.Crop["farm"]->com.betrybe.agrix.model.entity.Farm["crops"]->org.hibernate.collection.spi.PersistentBag[0]->com.betrybe.agrix.model.entity.Crop["farm"]->com.betrybe.agrix.model.entity.Farm["crops"]->org.hibernate.collection.spi.PersistentBag[0]->com.betrybe.agrix.model.entity.Crop["farm"]->com.betrybe.agrix.model.entity.Farm["crops"]->org.hibernate.collection.spi.PersistentBag[0]->com.betrybe.agrix.model.entity.Crop["farm"]->com.betrybe.agrix.model.entity.Farm["crops"]->org.hibernate.collection.spi.PersistentBag[0]->com.betrybe.agrix.model.entity.Crop["farm"]->com.betrybe.agrix.model.entity.Farm["crops"]->org.hibernate.collection.spi.PersistentBag[0]->com.betrybe.agrix.model.entity.Crop["farm"]->com.betrybe.agrix.model.entity.Farm["crops"]->org.hibernate.collection.spi.PersistentBag[0]->com.betrybe.agrix.model.entity.Crop["farm"]->com.betrybe.agrix.model.entity.Farm["crops"]->org.hibernate.collection.spi.PersistentBag[0]->com.betrybe.agrix.model.entity.Crop["farm"]->com.betrybe.agrix.model.entity.Farm["crops"]->org.hibernate.collection.spi.PersistentBag[0]->com.betrybe.agrix.model.entity.Crop["farm"]->com.betrybe.agrix.model.entity.Farm["crops"]->org.hibernate.collection.spi.PersistentBag[0]->com.betrybe.agrix.model.entity.Crop["farm"]->com.betrybe.agrix.model.entity.Farm["crops"]->org.hibernate.collection.spi.PersistentBag[0]->com.betrybe.agrix.model.entity.Crop["farm"]->com.betrybe.agrix.model.entity.Farm["crops"]->org.hibernate.collection.spi.PersistentBag[0]->com.betrybe.agrix.model.entity.Crop["farm"]->com.betrybe.agrix.model.entity.Farm["crops"]->org.hibernate.collection.spi.PersistentBag[0]->com.betrybe.agrix.model.entity.Crop["farm"]->com.betrybe.agrix.model.entity.Farm["crops"]->org.hibernate.collection.spi.PersistentBag[0]->com.betrybe.agrix.model.entity.Crop["farm"]->com.betrybe.agrix.model.entity.Farm["crops"]->org.hibernate.collection.spi.PersistentBag[0]->com.betrybe.agrix.model.entity.Crop["farm"]->com.betrybe.agrix.model.entity.Farm["crops"]->org.hibernate.collection.spi.PersistentBag[0]->com.betrybe.agrix.model.entity.Crop["farm"]->com.betrybe.agrix.model.entity.Farm["crops"]->org.hibernate.collection.spi.PersistentBag[0]->com.betrybe.agrix.model.entity.Crop["farm"]->com.betrybe.agrix.model.entity.Farm["crops"]->org.hibernate.collection.spi.PersistentBag[0]->com.betrybe.agrix.model.entity.Crop["farm"]->com.betrybe.agrix.model.entity.Farm["crops"]->org.hibernate.collection.spi.PersistentBag[0]->com.betrybe.agrix.model.entity.Crop["farm"]->com.betrybe.agrix.model.entity.Farm["crops"]->org.hibernate.collection.spi.PersistentBag[0]->com.betrybe.agrix.model.entity.Crop["farm"]->com.betrybe.agrix.model.entity.Farm["crops"]->org.hibernate.collection.spi.PersistentBag[0]->com.betrybe.agrix.model.entity.Crop["farm"]->com.betrybe.agrix.model.entity.Farm["crops"]->org.hibernate.collection.spi.PersistentBag[0]->com.betrybe.agrix.model.entity.Crop["farm"]->com.betrybe.agrix.model.entity.Farm["crops"]->org.hibernate.collection.spi.PersistentBag[0]->com.betrybe.agrix.model.entity.Crop["farm"]->com.betrybe.agrix.model.entity.Farm["crops"]->org.hibernate.collection.spi.PersistentBag[0]->com.betrybe.agrix.model.entity.Crop["farm"]->com.betrybe.agrix.model.entity.Farm["crops"]->org.hibernate.collection.spi.PersistentBag[0]->com.betrybe.agrix.model.entity.Crop["farm"]->com.betrybe.agrix.model.entity.Farm["crops"]->org.hibernate.collection.spi.PersistentBag[0]->com.betrybe.agrix.model.entity.Crop["farm"]->com.betrybe.agrix.model.entity.Farm["crops"]->org.hibernate.collection.spi.PersistentBag[0]->com.betrybe.agrix.model.entity.Crop["farm"]->com.betrybe.agrix.model.entity.Farm["crops"]->org.hibernate.collection.spi.PersistentBag[0]->com.betrybe.agrix.model.entity.Crop["farm"]->com.betrybe.agrix.model.entity.Farm["crops"]->org.hibernate.collection.spi.PersistentBag[0]->com.betrybe.agrix.model.entity.Crop["farm"]->com.betrybe.agrix.model.entity.Farm["crops"]->org.hibernate.collection.spi.PersistentBag[0]->com.betrybe.agrix.model.entity.Crop["farm"]->com.betrybe.agrix.model.entity.Farm["crops"]->org.hibernate.collection.spi.PersistentBag[0]->com.betrybe.agrix.model.entity.Crop["farm"]->com.betrybe.agrix.model.entity.Farm["crops"]->org.hibernate.collection.spi.PersistentBag[0]->com.betrybe.agrix.model.entity.Crop["farm"]->com.betrybe.agrix.model.entity.Farm["crops"])
Caused by: java.lang.StackOverflowError

